system   D            wsystem.c:583  maybe_parent_dir                 [   0.00037] Also searching C:\Users\Gita\documents\visual studio 2010\Projects\RPG\
system   D            wsystem.c:633  _al_win_safe_load_library        [   0.00056] PathFindOnPath found: C:\Windows\system32\d3d9.dll
system   D            wsystem.c:544  load_library_at_path             [   0.00058] Calling LoadLibrary C:\Windows\system32\d3d9.dll
system   I            wsystem.c:547  load_library_at_path             [   0.00610] Loaded C:\Windows\system32\d3d9.dll
d3d      I         d3d_disp.cpp:696  _al_d3d_init_display             [   0.03855] Render-to-texture: 1
system   I             system.c:252  al_install_system                [   0.03859] Allegro version: 5.0.10
d3d      I         d3d_disp.cpp:1737 d3d_create_display_locked        [   0.03904] faux_fullscreen=0
d3d      D         d3d_disp.cpp:1738 d3d_create_display_locked        [   0.03905] al_display=02715108
d3d      D         d3d_disp.cpp:1739 d3d_create_display_locked        [   0.03906] al_display->vt=02715040
d3d      I d3d_display_formats.cpp:144  _al_d3d_generate_display_format_list [   0.04003] found 288 format combinations
display  D   display_settings.c:191  debug_display_settings           [   0.04004] color: 32 (rgba 8880), depth: 0, stencil: 0, acc: 0000, samples: 0/0
display  D   display_settings.c:506  _al_score_display_settings       [   0.04005] Score is : 897
display  D   display_settings.c:191  debug_display_settings           [   0.04006] color: 32 (rgba 8880), depth: 0, stencil: 0, acc: 0000, samples: 0/0
display  D   display_settings.c:506  _al_score_display_settings       [   0.04007] Score is : 897
display  D   display_settings.c:191  debug_display_settings           [   0.04008] color: 32 (rgba 8880), depth: 0, stencil: 0, acc: 0000, samples: 2/1
display  D   display_settings.c:506  _al_score_display_settings       [   0.04009] Score is : 726
display  D   display_settings.c:191  debug_display_settings           [   0.04010] color: 32 (rgba 8880), depth: 0, stencil: 0, acc: 0000, samples: 3/1
display  D   display_settings.c:506  _al_score_display_settings       [   0.04011] Score is : 721
display  D   display_settings.c:191  debug_display_settings           [   0.04012] color: 32 (rgba 8880), depth: 0, stencil: 0, acc: 0000, samples: 4/1
display  D   display_settings.c:506  _al_score_display_settings       [   0.04013] Score is : 717
display  D   display_settings.c:191  debug_display_settings           [   0.04014] color: 32 (rgba 8880), depth: 0, stencil: 0, acc: 0000, samples: 5/1
display  D   display_settings.c:506  _al_score_display_settings       [   0.04015] Score is : 715
display  D   display_settings.c:191  debug_display_settings           [   0.04015] color: 32 (rgba 8880), depth: 0, stencil: 0, acc: 0000, samples: 6/1
display  D   display_settings.c:506  _al_score_display_settings       [   0.04016] Score is : 714
display  D   display_settings.c:191  debug_display_settings           [   0.04017] color: 32 (rgba 8880), depth: 0, stencil: 0, acc: 0000, samples: 7/1
display  D   display_settings.c:506  _al_score_display_settings       [   0.04018] Score is : 713
display  D   display_settings.c:191  debug_display_settings           [   0.04019] color: 32 (rgba 8880), depth: 0, stencil: 0, acc: 0000, samples: 8/1
display  D   display_settings.c:506  _al_score_display_settings       [   0.04020] Score is : 712
display  D   display_settings.c:191  debug_display_settings           [   0.04021] color: 32 (rgba 8880), depth: 24, stencil: 8, acc: 0000, samples: 0/0
display  D   display_settings.c:506  _al_score_display_settings       [   0.04022] Score is : 897
display  D   display_settings.c:191  debug_display_settings           [   0.04022] color: 32 (rgba 8880), depth: 24, stencil: 8, acc: 0000, samples: 0/0
display  D   display_settings.c:506  _al_score_display_settings       [   0.04023] Score is : 897
display  D   display_settings.c:191  debug_display_settings           [   0.04024] color: 32 (rgba 8880), depth: 24, stencil: 8, acc: 0000, samples: 2/1
display  D   display_settings.c:506  _al_score_display_settings       [   0.04031] Score is : 726
display  D   display_settings.c:191  debug_display_settings           [   0.04033] color: 32 (rgba 8880), depth: 24, stencil: 8, acc: 0000, samples: 3/1
display  D   display_settings.c:506  _al_score_display_settings       [   0.04034] Score is : 721
display  D   display_settings.c:191  debug_display_settings           [   0.04034] color: 32 (rgba 8880), depth: 24, stencil: 8, acc: 0000, samples: 4/1
display  D   display_settings.c:506  _al_score_display_settings       [   0.04035] Score is : 717
display  D   display_settings.c:191  debug_display_settings           [   0.04036] color: 32 (rgba 8880), depth: 24, stencil: 8, acc: 0000, samples: 5/1
display  D   display_settings.c:506  _al_score_display_settings       [   0.04037] Score is : 715
display  D   display_settings.c:191  debug_display_settings           [   0.04038] color: 32 (rgba 8880), depth: 24, stencil: 8, acc: 0000, samples: 6/1
display  D   display_settings.c:506  _al_score_display_settings       [   0.04039] Score is : 714
display  D   display_settings.c:191  debug_display_settings           [   0.04040] color: 32 (rgba 8880), depth: 24, stencil: 8, acc: 0000, samples: 7/1
display  D   display_settings.c:506  _al_score_display_settings       [   0.04041] Score is : 713
display  D   display_settings.c:191  debug_display_settings           [   0.04041] color: 32 (rgba 8880), depth: 24, stencil: 8, acc: 0000, samples: 8/1
display  D   display_settings.c:506  _al_score_display_settings       [   0.04042] Score is : 712
display  D   display_settings.c:191  debug_display_settings           [   0.04043] color: 32 (rgba 8880), depth: 24, stencil: 0, acc: 0000, samples: 0/0
display  D   display_settings.c:506  _al_score_display_settings       [   0.04044] Score is : 897
display  D   display_settings.c:191  debug_display_settings           [   0.04045] color: 32 (rgba 8880), depth: 24, stencil: 0, acc: 0000, samples: 0/0
display  D   display_settings.c:506  _al_score_display_settings       [   0.04046] Score is : 897
display  D   display_settings.c:191  debug_display_settings           [   0.04047] color: 32 (rgba 8880), depth: 24, stencil: 0, acc: 0000, samples: 2/1
display  D   display_settings.c:506  _al_score_display_settings       [   0.04048] Score is : 726
display  D   display_settings.c:191  debug_display_settings           [   0.04048] color: 32 (rgba 8880), depth: 24, stencil: 0, acc: 0000, samples: 3/1
display  D   display_settings.c:506  _al_score_display_settings       [   0.04049] Score is : 721
display  D   display_settings.c:191  debug_display_settings           [   0.04050] color: 32 (rgba 8880), depth: 24, stencil: 0, acc: 0000, samples: 4/1
display  D   display_settings.c:506  _al_score_display_settings       [   0.04051] Score is : 717
display  D   display_settings.c:191  debug_display_settings           [   0.04052] color: 32 (rgba 8880), depth: 24, stencil: 0, acc: 0000, samples: 5/1
display  D   display_settings.c:506  _al_score_display_settings       [   0.04053] Score is : 715
display  D   display_settings.c:191  debug_display_settings           [   0.04054] color: 32 (rgba 8880), depth: 24, stencil: 0, acc: 0000, samples: 6/1
display  D   display_settings.c:506  _al_score_display_settings       [   0.04055] Score is : 714
display  D   display_settings.c:191  debug_display_settings           [   0.04055] color: 32 (rgba 8880), depth: 24, stencil: 0, acc: 0000, samples: 7/1
display  D   display_settings.c:506  _al_score_display_settings       [   0.04057] Score is : 713
display  D   display_settings.c:191  debug_display_settings           [   0.04058] color: 32 (rgba 8880), depth: 24, stencil: 0, acc: 0000, samples: 8/1
display  D   display_settings.c:506  _al_score_display_settings       [   0.04059] Score is : 712
display  D   display_settings.c:191  debug_display_settings           [   0.04059] color: 32 (rgba 8880), depth: 16, stencil: 0, acc: 0000, samples: 0/0
display  D   display_settings.c:506  _al_score_display_settings       [   0.04060] Score is : 897
display  D   display_settings.c:191  debug_display_settings           [   0.04061] color: 32 (rgba 8880), depth: 16, stencil: 0, acc: 0000, samples: 0/0
display  D   display_settings.c:506  _al_score_display_settings       [   0.04062] Score is : 897
display  D   display_settings.c:191  debug_display_settings           [   0.04063] color: 32 (rgba 8880), depth: 16, stencil: 0, acc: 0000, samples: 2/1
display  D   display_settings.c:506  _al_score_display_settings       [   0.04064] Score is : 726
display  D   display_settings.c:191  debug_display_settings           [   0.04065] color: 32 (rgba 8880), depth: 16, stencil: 0, acc: 0000, samples: 3/1
display  D   display_settings.c:506  _al_score_display_settings       [   0.04066] Score is : 721
display  D   display_settings.c:191  debug_display_settings           [   0.04067] color: 32 (rgba 8880), depth: 16, stencil: 0, acc: 0000, samples: 4/1
display  D   display_settings.c:506  _al_score_display_settings       [   0.04068] Score is : 717
display  D   display_settings.c:191  debug_display_settings           [   0.04068] color: 32 (rgba 8880), depth: 16, stencil: 0, acc: 0000, samples: 5/1
display  D   display_settings.c:506  _al_score_display_settings       [   0.04069] Score is : 715
display  D   display_settings.c:191  debug_display_settings           [   0.04070] color: 32 (rgba 8880), depth: 16, stencil: 0, acc: 0000, samples: 6/1
display  D   display_settings.c:506  _al_score_display_settings       [   0.04071] Score is : 714
display  D   display_settings.c:191  debug_display_settings           [   0.04072] color: 32 (rgba 8880), depth: 16, stencil: 0, acc: 0000, samples: 7/1
display  D   display_settings.c:506  _al_score_display_settings       [   0.04073] Score is : 713
display  D   display_settings.c:191  debug_display_settings           [   0.04074] color: 32 (rgba 8880), depth: 16, stencil: 0, acc: 0000, samples: 8/1
display  D   display_settings.c:506  _al_score_display_settings       [   0.04075] Score is : 712
display  D   display_settings.c:191  debug_display_settings           [   0.04075] color: 16 (rgba 5650), depth: 0, stencil: 0, acc: 0000, samples: 0/0
display  D   display_settings.c:506  _al_score_display_settings       [   0.04076] Score is : 897
display  D   display_settings.c:191  debug_display_settings           [   0.04077] color: 16 (rgba 5650), depth: 0, stencil: 0, acc: 0000, samples: 0/0
display  D   display_settings.c:506  _al_score_display_settings       [   0.04078] Score is : 897
display  D   display_settings.c:191  debug_display_settings           [   0.04079] color: 16 (rgba 5650), depth: 0, stencil: 0, acc: 0000, samples: 2/1
display  D   display_settings.c:506  _al_score_display_settings       [   0.04080] Score is : 726
display  D   display_settings.c:191  debug_display_settings           [   0.04081] color: 16 (rgba 5650), depth: 0, stencil: 0, acc: 0000, samples: 3/1
display  D   display_settings.c:506  _al_score_display_settings       [   0.04082] Score is : 721
display  D   display_settings.c:191  debug_display_settings           [   0.04082] color: 16 (rgba 5650), depth: 0, stencil: 0, acc: 0000, samples: 4/1
display  D   display_settings.c:506  _al_score_display_settings       [   0.04083] Score is : 717
display  D   display_settings.c:191  debug_display_settings           [   0.04084] color: 16 (rgba 5650), depth: 0, stencil: 0, acc: 0000, samples: 5/1
display  D   display_settings.c:506  _al_score_display_settings       [   0.04085] Score is : 715
display  D   display_settings.c:191  debug_display_settings           [   0.04086] color: 16 (rgba 5650), depth: 0, stencil: 0, acc: 0000, samples: 6/1
display  D   display_settings.c:506  _al_score_display_settings       [   0.04087] Score is : 714
display  D   display_settings.c:191  debug_display_settings           [   0.04088] color: 16 (rgba 5650), depth: 0, stencil: 0, acc: 0000, samples: 7/1
display  D   display_settings.c:506  _al_score_display_settings       [   0.04089] Score is : 713
display  D   display_settings.c:191  debug_display_settings           [   0.04089] color: 16 (rgba 5650), depth: 0, stencil: 0, acc: 0000, samples: 8/1
display  D   display_settings.c:506  _al_score_display_settings       [   0.04091] Score is : 712
display  D   display_settings.c:191  debug_display_settings           [   0.04091] color: 16 (rgba 5650), depth: 24, stencil: 8, acc: 0000, samples: 0/0
display  D   display_settings.c:506  _al_score_display_settings       [   0.04092] Score is : 897
display  D   display_settings.c:191  debug_display_settings           [   0.04093] color: 16 (rgba 5650), depth: 24, stencil: 8, acc: 0000, samples: 0/0
display  D   display_settings.c:506  _al_score_display_settings       [   0.04094] Score is : 897
display  D   display_settings.c:191  debug_display_settings           [   0.04095] color: 16 (rgba 5650), depth: 24, stencil: 8, acc: 0000, samples: 2/1
display  D   display_settings.c:506  _al_score_display_settings       [   0.04096] Score is : 726
display  D   display_settings.c:191  debug_display_settings           [   0.04096] color: 16 (rgba 5650), depth: 24, stencil: 8, acc: 0000, samples: 3/1
display  D   display_settings.c:506  _al_score_display_settings       [   0.04097] Score is : 721
display  D   display_settings.c:191  debug_display_settings           [   0.04098] color: 16 (rgba 5650), depth: 24, stencil: 8, acc: 0000, samples: 4/1
display  D   display_settings.c:506  _al_score_display_settings       [   0.04099] Score is : 717
display  D   display_settings.c:191  debug_display_settings           [   0.04100] color: 16 (rgba 5650), depth: 24, stencil: 8, acc: 0000, samples: 5/1
display  D   display_settings.c:506  _al_score_display_settings       [   0.04101] Score is : 715
display  D   display_settings.c:191  debug_display_settings           [   0.04102] color: 16 (rgba 5650), depth: 24, stencil: 8, acc: 0000, samples: 6/1
display  D   display_settings.c:506  _al_score_display_settings       [   0.04103] Score is : 714
display  D   display_settings.c:191  debug_display_settings           [   0.04103] color: 16 (rgba 5650), depth: 24, stencil: 8, acc: 0000, samples: 7/1
display  D   display_settings.c:506  _al_score_display_settings       [   0.04104] Score is : 713
display  D   display_settings.c:191  debug_display_settings           [   0.04105] color: 16 (rgba 5650), depth: 24, stencil: 8, acc: 0000, samples: 8/1
display  D   display_settings.c:506  _al_score_display_settings       [   0.04106] Score is : 712
display  D   display_settings.c:191  debug_display_settings           [   0.04107] color: 16 (rgba 5650), depth: 24, stencil: 0, acc: 0000, samples: 0/0
display  D   display_settings.c:506  _al_score_display_settings       [   0.04108] Score is : 897
display  D   display_settings.c:191  debug_display_settings           [   0.04109] color: 16 (rgba 5650), depth: 24, stencil: 0, acc: 0000, samples: 0/0
display  D   display_settings.c:506  _al_score_display_settings       [   0.04110] Score is : 897
display  D   display_settings.c:191  debug_display_settings           [   0.04110] color: 16 (rgba 5650), depth: 24, stencil: 0, acc: 0000, samples: 2/1
display  D   display_settings.c:506  _al_score_display_settings       [   0.04111] Score is : 726
display  D   display_settings.c:191  debug_display_settings           [   0.04112] color: 16 (rgba 5650), depth: 24, stencil: 0, acc: 0000, samples: 3/1
display  D   display_settings.c:506  _al_score_display_settings       [   0.04113] Score is : 721
display  D   display_settings.c:191  debug_display_settings           [   0.04114] color: 16 (rgba 5650), depth: 24, stencil: 0, acc: 0000, samples: 4/1
display  D   display_settings.c:506  _al_score_display_settings       [   0.04115] Score is : 717
display  D   display_settings.c:191  debug_display_settings           [   0.04116] color: 16 (rgba 5650), depth: 24, stencil: 0, acc: 0000, samples: 5/1
display  D   display_settings.c:506  _al_score_display_settings       [   0.04117] Score is : 715
display  D   display_settings.c:191  debug_display_settings           [   0.04117] color: 16 (rgba 5650), depth: 24, stencil: 0, acc: 0000, samples: 6/1
display  D   display_settings.c:506  _al_score_display_settings       [   0.04120] Score is : 714
display  D   display_settings.c:191  debug_display_settings           [   0.04121] color: 16 (rgba 5650), depth: 24, stencil: 0, acc: 0000, samples: 7/1
display  D   display_settings.c:506  _al_score_display_settings       [   0.04122] Score is : 713
display  D   display_settings.c:191  debug_display_settings           [   0.04123] color: 16 (rgba 5650), depth: 24, stencil: 0, acc: 0000, samples: 8/1
display  D   display_settings.c:506  _al_score_display_settings       [   0.04124] Score is : 712
display  D   display_settings.c:191  debug_display_settings           [   0.04125] color: 16 (rgba 5650), depth: 16, stencil: 0, acc: 0000, samples: 0/0
display  D   display_settings.c:506  _al_score_display_settings       [   0.04126] Score is : 897
display  D   display_settings.c:191  debug_display_settings           [   0.04126] color: 16 (rgba 5650), depth: 16, stencil: 0, acc: 0000, samples: 0/0
display  D   display_settings.c:506  _al_score_display_settings       [   0.04127] Score is : 897
display  D   display_settings.c:191  debug_display_settings           [   0.04128] color: 16 (rgba 5650), depth: 16, stencil: 0, acc: 0000, samples: 2/1
display  D   display_settings.c:506  _al_score_display_settings       [   0.04129] Score is : 726
display  D   display_settings.c:191  debug_display_settings           [   0.04130] color: 16 (rgba 5650), depth: 16, stencil: 0, acc: 0000, samples: 3/1
display  D   display_settings.c:506  _al_score_display_settings       [   0.04131] Score is : 721
display  D   display_settings.c:191  debug_display_settings           [   0.04132] color: 16 (rgba 5650), depth: 16, stencil: 0, acc: 0000, samples: 4/1
display  D   display_settings.c:506  _al_score_display_settings       [   0.04133] Score is : 717
display  D   display_settings.c:191  debug_display_settings           [   0.04133] color: 16 (rgba 5650), depth: 16, stencil: 0, acc: 0000, samples: 5/1
display  D   display_settings.c:506  _al_score_display_settings       [   0.04134] Score is : 715
display  D   display_settings.c:191  debug_display_settings           [   0.04135] color: 16 (rgba 5650), depth: 16, stencil: 0, acc: 0000, samples: 6/1
display  D   display_settings.c:506  _al_score_display_settings       [   0.04136] Score is : 714
display  D   display_settings.c:191  debug_display_settings           [   0.04137] color: 16 (rgba 5650), depth: 16, stencil: 0, acc: 0000, samples: 7/1
display  D   display_settings.c:506  _al_score_display_settings       [   0.04138] Score is : 713
display  D   display_settings.c:191  debug_display_settings           [   0.04139] color: 16 (rgba 5650), depth: 16, stencil: 0, acc: 0000, samples: 8/1
display  D   display_settings.c:506  _al_score_display_settings       [   0.04140] Score is : 712
display  D   display_settings.c:191  debug_display_settings           [   0.04140] color: 32 (rgba 8880), depth: 0, stencil: 0, acc: 0000, samples: 0/0
display  D   display_settings.c:377  _al_score_display_settings       [   0.04141] Single Buffer requirement not met.
display  D   display_settings.c:191  debug_display_settings           [   0.04142] color: 32 (rgba 8880), depth: 0, stencil: 0, acc: 0000, samples: 0/0
display  D   display_settings.c:377  _al_score_display_settings       [   0.04143] Single Buffer requirement not met.
display  D   display_settings.c:191  debug_display_settings           [   0.04144] color: 32 (rgba 8880), depth: 0, stencil: 0, acc: 0000, samples: 2/1
display  D   display_settings.c:377  _al_score_display_settings       [   0.04145] Single Buffer requirement not met.
display  D   display_settings.c:191  debug_display_settings           [   0.04146] color: 32 (rgba 8880), depth: 0, stencil: 0, acc: 0000, samples: 3/1
display  D   display_settings.c:377  _al_score_display_settings       [   0.04147] Single Buffer requirement not met.
display  D   display_settings.c:191  debug_display_settings           [   0.04148] color: 32 (rgba 8880), depth: 0, stencil: 0, acc: 0000, samples: 4/1
display  D   display_settings.c:377  _al_score_display_settings       [   0.04149] Single Buffer requirement not met.
display  D   display_settings.c:191  debug_display_settings           [   0.04149] color: 32 (rgba 8880), depth: 0, stencil: 0, acc: 0000, samples: 5/1
display  D   display_settings.c:377  _al_score_display_settings       [   0.04150] Single Buffer requirement not met.
display  D   display_settings.c:191  debug_display_settings           [   0.04151] color: 32 (rgba 8880), depth: 0, stencil: 0, acc: 0000, samples: 6/1
display  D   display_settings.c:377  _al_score_display_settings       [   0.04152] Single Buffer requirement not met.
display  D   display_settings.c:191  debug_display_settings           [   0.04153] color: 32 (rgba 8880), depth: 0, stencil: 0, acc: 0000, samples: 7/1
display  D   display_settings.c:377  _al_score_display_settings       [   0.04154] Single Buffer requirement not met.
display  D   display_settings.c:191  debug_display_settings           [   0.04155] color: 32 (rgba 8880), depth: 0, stencil: 0, acc: 0000, samples: 8/1
display  D   display_settings.c:377  _al_score_display_settings       [   0.04156] Single Buffer requirement not met.
display  D   display_settings.c:191  debug_display_settings           [   0.04157] color: 32 (rgba 8880), depth: 24, stencil: 8, acc: 0000, samples: 0/0
display  D   display_settings.c:377  _al_score_display_settings       [   0.04158] Single Buffer requirement not met.
display  D   display_settings.c:191  debug_display_settings           [   0.04159] color: 32 (rgba 8880), depth: 24, stencil: 8, acc: 0000, samples: 0/0
display  D   display_settings.c:377  _al_score_display_settings       [   0.04160] Single Buffer requirement not met.
display  D   display_settings.c:191  debug_display_settings           [   0.04161] color: 32 (rgba 8880), depth: 24, stencil: 8, acc: 0000, samples: 2/1
display  D   display_settings.c:377  _al_score_display_settings       [   0.04162] Single Buffer requirement not met.
display  D   display_settings.c:191  debug_display_settings           [   0.04162] color: 32 (rgba 8880), depth: 24, stencil: 8, acc: 0000, samples: 3/1
display  D   display_settings.c:377  _al_score_display_settings       [   0.04163] Single Buffer requirement not met.
display  D   display_settings.c:191  debug_display_settings           [   0.04164] color: 32 (rgba 8880), depth: 24, stencil: 8, acc: 0000, samples: 4/1
display  D   display_settings.c:377  _al_score_display_settings       [   0.04165] Single Buffer requirement not met.
display  D   display_settings.c:191  debug_display_settings           [   0.04166] color: 32 (rgba 8880), depth: 24, stencil: 8, acc: 0000, samples: 5/1
display  D   display_settings.c:377  _al_score_display_settings       [   0.04167] Single Buffer requirement not met.
display  D   display_settings.c:191  debug_display_settings           [   0.04168] color: 32 (rgba 8880), depth: 24, stencil: 8, acc: 0000, samples: 6/1
display  D   display_settings.c:377  _al_score_display_settings       [   0.04169] Single Buffer requirement not met.
display  D   display_settings.c:191  debug_display_settings           [   0.04169] color: 32 (rgba 8880), depth: 24, stencil: 8, acc: 0000, samples: 7/1
display  D   display_settings.c:377  _al_score_display_settings       [   0.04170] Single Buffer requirement not met.
display  D   display_settings.c:191  debug_display_settings           [   0.04171] color: 32 (rgba 8880), depth: 24, stencil: 8, acc: 0000, samples: 8/1
display  D   display_settings.c:377  _al_score_display_settings       [   0.04172] Single Buffer requirement not met.
display  D   display_settings.c:191  debug_display_settings           [   0.04173] color: 32 (rgba 8880), depth: 24, stencil: 0, acc: 0000, samples: 0/0
display  D   display_settings.c:377  _al_score_display_settings       [   0.04174] Single Buffer requirement not met.
display  D   display_settings.c:191  debug_display_settings           [   0.04175] color: 32 (rgba 8880), depth: 24, stencil: 0, acc: 0000, samples: 0/0
display  D   display_settings.c:377  _al_score_display_settings       [   0.04176] Single Buffer requirement not met.
display  D   display_settings.c:191  debug_display_settings           [   0.04177] color: 32 (rgba 8880), depth: 24, stencil: 0, acc: 0000, samples: 2/1
display  D   display_settings.c:377  _al_score_display_settings       [   0.04178] Single Buffer requirement not met.
display  D   display_settings.c:191  debug_display_settings           [   0.04178] color: 32 (rgba 8880), depth: 24, stencil: 0, acc: 0000, samples: 3/1
display  D   display_settings.c:377  _al_score_display_settings       [   0.04179] Single Buffer requirement not met.
display  D   display_settings.c:191  debug_display_settings           [   0.04180] color: 32 (rgba 8880), depth: 24, stencil: 0, acc: 0000, samples: 4/1
display  D   display_settings.c:377  _al_score_display_settings       [   0.04181] Single Buffer requirement not met.
display  D   display_settings.c:191  debug_display_settings           [   0.04182] color: 32 (rgba 8880), depth: 24, stencil: 0, acc: 0000, samples: 5/1
display  D   display_settings.c:377  _al_score_display_settings       [   0.04183] Single Buffer requirement not met.
display  D   display_settings.c:191  debug_display_settings           [   0.04184] color: 32 (rgba 8880), depth: 24, stencil: 0, acc: 0000, samples: 6/1
display  D   display_settings.c:377  _al_score_display_settings       [   0.04185] Single Buffer requirement not met.
display  D   display_settings.c:191  debug_display_settings           [   0.04185] color: 32 (rgba 8880), depth: 24, stencil: 0, acc: 0000, samples: 7/1
display  D   display_settings.c:377  _al_score_display_settings       [   0.04186] Single Buffer requirement not met.
display  D   display_settings.c:191  debug_display_settings           [   0.04187] color: 32 (rgba 8880), depth: 24, stencil: 0, acc: 0000, samples: 8/1
display  D   display_settings.c:377  _al_score_display_settings       [   0.04188] Single Buffer requirement not met.
display  D   display_settings.c:191  debug_display_settings           [   0.04189] color: 32 (rgba 8880), depth: 16, stencil: 0, acc: 0000, samples: 0/0
display  D   display_settings.c:377  _al_score_display_settings       [   0.04190] Single Buffer requirement not met.
display  D   display_settings.c:191  debug_display_settings           [   0.04191] color: 32 (rgba 8880), depth: 16, stencil: 0, acc: 0000, samples: 0/0
display  D   display_settings.c:377  _al_score_display_settings       [   0.04192] Single Buffer requirement not met.
display  D   display_settings.c:191  debug_display_settings           [   0.04193] color: 32 (rgba 8880), depth: 16, stencil: 0, acc: 0000, samples: 2/1
display  D   display_settings.c:377  _al_score_display_settings       [   0.04194] Single Buffer requirement not met.
display  D   display_settings.c:191  debug_display_settings           [   0.04194] color: 32 (rgba 8880), depth: 16, stencil: 0, acc: 0000, samples: 3/1
display  D   display_settings.c:377  _al_score_display_settings       [   0.04195] Single Buffer requirement not met.
display  D   display_settings.c:191  debug_display_settings           [   0.04196] color: 32 (rgba 8880), depth: 16, stencil: 0, acc: 0000, samples: 4/1
display  D   display_settings.c:377  _al_score_display_settings       [   0.04197] Single Buffer requirement not met.
display  D   display_settings.c:191  debug_display_settings           [   0.04198] color: 32 (rgba 8880), depth: 16, stencil: 0, acc: 0000, samples: 5/1
display  D   display_settings.c:377  _al_score_display_settings       [   0.04199] Single Buffer requirement not met.
display  D   display_settings.c:191  debug_display_settings           [   0.04200] color: 32 (rgba 8880), depth: 16, stencil: 0, acc: 0000, samples: 6/1
display  D   display_settings.c:377  _al_score_display_settings       [   0.04201] Single Buffer requirement not met.
display  D   display_settings.c:191  debug_display_settings           [   0.04201] color: 32 (rgba 8880), depth: 16, stencil: 0, acc: 0000, samples: 7/1
display  D   display_settings.c:377  _al_score_display_settings       [   0.04202] Single Buffer requirement not met.
display  D   display_settings.c:191  debug_display_settings           [   0.04203] color: 32 (rgba 8880), depth: 16, stencil: 0, acc: 0000, samples: 8/1
display  D   display_settings.c:377  _al_score_display_settings       [   0.04204] Single Buffer requirement not met.
display  D   display_settings.c:191  debug_display_settings           [   0.04205] color: 16 (rgba 5650), depth: 0, stencil: 0, acc: 0000, samples: 0/0
display  D   display_settings.c:377  _al_score_display_settings       [   0.04206] Single Buffer requirement not met.
display  D   display_settings.c:191  debug_display_settings           [   0.04207] color: 16 (rgba 5650), depth: 0, stencil: 0, acc: 0000, samples: 0/0
display  D   display_settings.c:377  _al_score_display_settings       [   0.04208] Single Buffer requirement not met.
display  D   display_settings.c:191  debug_display_settings           [   0.04209] color: 16 (rgba 5650), depth: 0, stencil: 0, acc: 0000, samples: 2/1
display  D   display_settings.c:377  _al_score_display_settings       [   0.04210] Single Buffer requirement not met.
display  D   display_settings.c:191  debug_display_settings           [   0.04210] color: 16 (rgba 5650), depth: 0, stencil: 0, acc: 0000, samples: 3/1
display  D   display_settings.c:377  _al_score_display_settings       [   0.04211] Single Buffer requirement not met.
display  D   display_settings.c:191  debug_display_settings           [   0.04212] color: 16 (rgba 5650), depth: 0, stencil: 0, acc: 0000, samples: 4/1
display  D   display_settings.c:377  _al_score_display_settings       [   0.04213] Single Buffer requirement not met.
display  D   display_settings.c:191  debug_display_settings           [   0.04214] color: 16 (rgba 5650), depth: 0, stencil: 0, acc: 0000, samples: 5/1
display  D   display_settings.c:377  _al_score_display_settings       [   0.04215] Single Buffer requirement not met.
display  D   display_settings.c:191  debug_display_settings           [   0.04216] color: 16 (rgba 5650), depth: 0, stencil: 0, acc: 0000, samples: 6/1
display  D   display_settings.c:377  _al_score_display_settings       [   0.04217] Single Buffer requirement not met.
display  D   display_settings.c:191  debug_display_settings           [   0.04217] color: 16 (rgba 5650), depth: 0, stencil: 0, acc: 0000, samples: 7/1
display  D   display_settings.c:377  _al_score_display_settings       [   0.04218] Single Buffer requirement not met.
display  D   display_settings.c:191  debug_display_settings           [   0.04219] color: 16 (rgba 5650), depth: 0, stencil: 0, acc: 0000, samples: 8/1
display  D   display_settings.c:377  _al_score_display_settings       [   0.04220] Single Buffer requirement not met.
display  D   display_settings.c:191  debug_display_settings           [   0.04221] color: 16 (rgba 5650), depth: 24, stencil: 8, acc: 0000, samples: 0/0
display  D   display_settings.c:377  _al_score_display_settings       [   0.04222] Single Buffer requirement not met.
display  D   display_settings.c:191  debug_display_settings           [   0.04223] color: 16 (rgba 5650), depth: 24, stencil: 8, acc: 0000, samples: 0/0
display  D   display_settings.c:377  _al_score_display_settings       [   0.04224] Single Buffer requirement not met.
display  D   display_settings.c:191  debug_display_settings           [   0.04225] color: 16 (rgba 5650), depth: 24, stencil: 8, acc: 0000, samples: 2/1
display  D   display_settings.c:377  _al_score_display_settings       [   0.04226] Single Buffer requirement not met.
display  D   display_settings.c:191  debug_display_settings           [   0.04226] color: 16 (rgba 5650), depth: 24, stencil: 8, acc: 0000, samples: 3/1
display  D   display_settings.c:377  _al_score_display_settings       [   0.04227] Single Buffer requirement not met.
display  D   display_settings.c:191  debug_display_settings           [   0.04228] color: 16 (rgba 5650), depth: 24, stencil: 8, acc: 0000, samples: 4/1
display  D   display_settings.c:377  _al_score_display_settings       [   0.04231] Single Buffer requirement not met.
display  D   display_settings.c:191  debug_display_settings           [   0.04232] color: 16 (rgba 5650), depth: 24, stencil: 8, acc: 0000, samples: 5/1
display  D   display_settings.c:377  _al_score_display_settings       [   0.04233] Single Buffer requirement not met.
display  D   display_settings.c:191  debug_display_settings           [   0.04233] color: 16 (rgba 5650), depth: 24, stencil: 8, acc: 0000, samples: 6/1
display  D   display_settings.c:377  _al_score_display_settings       [   0.04234] Single Buffer requirement not met.
display  D   display_settings.c:191  debug_display_settings           [   0.04235] color: 16 (rgba 5650), depth: 24, stencil: 8, acc: 0000, samples: 7/1
display  D   display_settings.c:377  _al_score_display_settings       [   0.04236] Single Buffer requirement not met.
display  D   display_settings.c:191  debug_display_settings           [   0.04237] color: 16 (rgba 5650), depth: 24, stencil: 8, acc: 0000, samples: 8/1
display  D   display_settings.c:377  _al_score_display_settings       [   0.04238] Single Buffer requirement not met.
display  D   display_settings.c:191  debug_display_settings           [   0.04239] color: 16 (rgba 5650), depth: 24, stencil: 0, acc: 0000, samples: 0/0
display  D   display_settings.c:377  _al_score_display_settings       [   0.04240] Single Buffer requirement not met.
display  D   display_settings.c:191  debug_display_settings           [   0.04241] color: 16 (rgba 5650), depth: 24, stencil: 0, acc: 0000, samples: 0/0
display  D   display_settings.c:377  _al_score_display_settings       [   0.04242] Single Buffer requirement not met.
display  D   display_settings.c:191  debug_display_settings           [   0.04242] color: 16 (rgba 5650), depth: 24, stencil: 0, acc: 0000, samples: 2/1
display  D   display_settings.c:377  _al_score_display_settings       [   0.04243] Single Buffer requirement not met.
display  D   display_settings.c:191  debug_display_settings           [   0.04244] color: 16 (rgba 5650), depth: 24, stencil: 0, acc: 0000, samples: 3/1
display  D   display_settings.c:377  _al_score_display_settings       [   0.04245] Single Buffer requirement not met.
display  D   display_settings.c:191  debug_display_settings           [   0.04246] color: 16 (rgba 5650), depth: 24, stencil: 0, acc: 0000, samples: 4/1
display  D   display_settings.c:377  _al_score_display_settings       [   0.04247] Single Buffer requirement not met.
display  D   display_settings.c:191  debug_display_settings           [   0.04248] color: 16 (rgba 5650), depth: 24, stencil: 0, acc: 0000, samples: 5/1
display  D   display_settings.c:377  _al_score_display_settings       [   0.04249] Single Buffer requirement not met.
display  D   display_settings.c:191  debug_display_settings           [   0.04249] color: 16 (rgba 5650), depth: 24, stencil: 0, acc: 0000, samples: 6/1
display  D   display_settings.c:377  _al_score_display_settings       [   0.04250] Single Buffer requirement not met.
display  D   display_settings.c:191  debug_display_settings           [   0.04251] color: 16 (rgba 5650), depth: 24, stencil: 0, acc: 0000, samples: 7/1
display  D   display_settings.c:377  _al_score_display_settings       [   0.04252] Single Buffer requirement not met.
display  D   display_settings.c:191  debug_display_settings           [   0.04253] color: 16 (rgba 5650), depth: 24, stencil: 0, acc: 0000, samples: 8/1
display  D   display_settings.c:377  _al_score_display_settings       [   0.04254] Single Buffer requirement not met.
display  D   display_settings.c:191  debug_display_settings           [   0.04255] color: 16 (rgba 5650), depth: 16, stencil: 0, acc: 0000, samples: 0/0
display  D   display_settings.c:377  _al_score_display_settings       [   0.04256] Single Buffer requirement not met.
display  D   display_settings.c:191  debug_display_settings           [   0.04257] color: 16 (rgba 5650), depth: 16, stencil: 0, acc: 0000, samples: 0/0
display  D   display_settings.c:377  _al_score_display_settings       [   0.04258] Single Buffer requirement not met.
display  D   display_settings.c:191  debug_display_settings           [   0.04259] color: 16 (rgba 5650), depth: 16, stencil: 0, acc: 0000, samples: 2/1
display  D   display_settings.c:377  _al_score_display_settings       [   0.04260] Single Buffer requirement not met.
display  D   display_settings.c:191  debug_display_settings           [   0.04261] color: 16 (rgba 5650), depth: 16, stencil: 0, acc: 0000, samples: 3/1
display  D   display_settings.c:377  _al_score_display_settings       [   0.04262] Single Buffer requirement not met.
display  D   display_settings.c:191  debug_display_settings           [   0.04263] color: 16 (rgba 5650), depth: 16, stencil: 0, acc: 0000, samples: 4/1
display  D   display_settings.c:377  _al_score_display_settings       [   0.04264] Single Buffer requirement not met.
display  D   display_settings.c:191  debug_display_settings           [   0.04264] color: 16 (rgba 5650), depth: 16, stencil: 0, acc: 0000, samples: 5/1
display  D   display_settings.c:377  _al_score_display_settings       [   0.04265] Single Buffer requirement not met.
display  D   display_settings.c:191  debug_display_settings           [   0.04266] color: 16 (rgba 5650), depth: 16, stencil: 0, acc: 0000, samples: 6/1
display  D   display_settings.c:377  _al_score_display_settings       [   0.04267] Single Buffer requirement not met.
display  D   display_settings.c:191  debug_display_settings           [   0.04268] color: 16 (rgba 5650), depth: 16, stencil: 0, acc: 0000, samples: 7/1
display  D   display_settings.c:377  _al_score_display_settings       [   0.04269] Single Buffer requirement not met.
display  D   display_settings.c:191  debug_display_settings           [   0.04270] color: 16 (rgba 5650), depth: 16, stencil: 0, acc: 0000, samples: 8/1
display  D   display_settings.c:377  _al_score_display_settings       [   0.04271] Single Buffer requirement not met.
display  D   display_settings.c:191  debug_display_settings           [   0.04271] color: 32 (rgba 8880), depth: 0, stencil: 0, acc: 0000, samples: 0/0
display  D   display_settings.c:506  _al_score_display_settings       [   0.04272] Score is : 769
display  D   display_settings.c:191  debug_display_settings           [   0.04273] color: 32 (rgba 8880), depth: 0, stencil: 0, acc: 0000, samples: 0/0
display  D   display_settings.c:506  _al_score_display_settings       [   0.04274] Score is : 769
display  D   display_settings.c:191  debug_display_settings           [   0.04275] color: 32 (rgba 8880), depth: 0, stencil: 0, acc: 0000, samples: 2/1
display  D   display_settings.c:506  _al_score_display_settings       [   0.04276] Score is : 598
display  D   display_settings.c:191  debug_display_settings           [   0.04277] color: 32 (rgba 8880), depth: 0, stencil: 0, acc: 0000, samples: 3/1
display  D   display_settings.c:506  _al_score_display_settings       [   0.04278] Score is : 593
display  D   display_settings.c:191  debug_display_settings           [   0.04278] color: 32 (rgba 8880), depth: 0, stencil: 0, acc: 0000, samples: 4/1
display  D   display_settings.c:506  _al_score_display_settings       [   0.04279] Score is : 589
display  D   display_settings.c:191  debug_display_settings           [   0.04280] color: 32 (rgba 8880), depth: 0, stencil: 0, acc: 0000, samples: 5/1
display  D   display_settings.c:506  _al_score_display_settings       [   0.04281] Score is : 587
display  D   display_settings.c:191  debug_display_settings           [   0.04282] color: 32 (rgba 8880), depth: 0, stencil: 0, acc: 0000, samples: 6/1
display  D   display_settings.c:506  _al_score_display_settings       [   0.04283] Score is : 586
display  D   display_settings.c:191  debug_display_settings           [   0.04284] color: 32 (rgba 8880), depth: 0, stencil: 0, acc: 0000, samples: 7/1
display  D   display_settings.c:506  _al_score_display_settings       [   0.04285] Score is : 585
display  D   display_settings.c:191  debug_display_settings           [   0.04286] color: 32 (rgba 8880), depth: 0, stencil: 0, acc: 0000, samples: 8/1
display  D   display_settings.c:506  _al_score_display_settings       [   0.04287] Score is : 584
display  D   display_settings.c:191  debug_display_settings           [   0.04287] color: 32 (rgba 8880), depth: 24, stencil: 8, acc: 0000, samples: 0/0
display  D   display_settings.c:506  _al_score_display_settings       [   0.04288] Score is : 769
display  D   display_settings.c:191  debug_display_settings           [   0.04289] color: 32 (rgba 8880), depth: 24, stencil: 8, acc: 0000, samples: 0/0
display  D   display_settings.c:506  _al_score_display_settings       [   0.04290] Score is : 769
display  D   display_settings.c:191  debug_display_settings           [   0.04291] color: 32 (rgba 8880), depth: 24, stencil: 8, acc: 0000, samples: 2/1
display  D   display_settings.c:506  _al_score_display_settings       [   0.04292] Score is : 598
display  D   display_settings.c:191  debug_display_settings           [   0.04293] color: 32 (rgba 8880), depth: 24, stencil: 8, acc: 0000, samples: 3/1
display  D   display_settings.c:506  _al_score_display_settings       [   0.04294] Score is : 593
display  D   display_settings.c:191  debug_display_settings           [   0.04294] color: 32 (rgba 8880), depth: 24, stencil: 8, acc: 0000, samples: 4/1
display  D   display_settings.c:506  _al_score_display_settings       [   0.04295] Score is : 589
display  D   display_settings.c:191  debug_display_settings           [   0.04296] color: 32 (rgba 8880), depth: 24, stencil: 8, acc: 0000, samples: 5/1
display  D   display_settings.c:506  _al_score_display_settings       [   0.04297] Score is : 587
display  D   display_settings.c:191  debug_display_settings           [   0.04298] color: 32 (rgba 8880), depth: 24, stencil: 8, acc: 0000, samples: 6/1
display  D   display_settings.c:506  _al_score_display_settings       [   0.04299] Score is : 586
display  D   display_settings.c:191  debug_display_settings           [   0.04300] color: 32 (rgba 8880), depth: 24, stencil: 8, acc: 0000, samples: 7/1
display  D   display_settings.c:506  _al_score_display_settings       [   0.04301] Score is : 585
display  D   display_settings.c:191  debug_display_settings           [   0.04301] color: 32 (rgba 8880), depth: 24, stencil: 8, acc: 0000, samples: 8/1
display  D   display_settings.c:506  _al_score_display_settings       [   0.04302] Score is : 584
display  D   display_settings.c:191  debug_display_settings           [   0.04303] color: 32 (rgba 8880), depth: 24, stencil: 0, acc: 0000, samples: 0/0
display  D   display_settings.c:506  _al_score_display_settings       [   0.04304] Score is : 769
display  D   display_settings.c:191  debug_display_settings           [   0.04305] color: 32 (rgba 8880), depth: 24, stencil: 0, acc: 0000, samples: 0/0
display  D   display_settings.c:506  _al_score_display_settings       [   0.04306] Score is : 769
display  D   display_settings.c:191  debug_display_settings           [   0.04307] color: 32 (rgba 8880), depth: 24, stencil: 0, acc: 0000, samples: 2/1
display  D   display_settings.c:506  _al_score_display_settings       [   0.04308] Score is : 598
display  D   display_settings.c:191  debug_display_settings           [   0.04308] color: 32 (rgba 8880), depth: 24, stencil: 0, acc: 0000, samples: 3/1
display  D   display_settings.c:506  _al_score_display_settings       [   0.04309] Score is : 593
display  D   display_settings.c:191  debug_display_settings           [   0.04310] color: 32 (rgba 8880), depth: 24, stencil: 0, acc: 0000, samples: 4/1
display  D   display_settings.c:506  _al_score_display_settings       [   0.04311] Score is : 589
display  D   display_settings.c:191  debug_display_settings           [   0.04312] color: 32 (rgba 8880), depth: 24, stencil: 0, acc: 0000, samples: 5/1
display  D   display_settings.c:506  _al_score_display_settings       [   0.04313] Score is : 587
display  D   display_settings.c:191  debug_display_settings           [   0.04314] color: 32 (rgba 8880), depth: 24, stencil: 0, acc: 0000, samples: 6/1
display  D   display_settings.c:506  _al_score_display_settings       [   0.04315] Score is : 586
display  D   display_settings.c:191  debug_display_settings           [   0.04315] color: 32 (rgba 8880), depth: 24, stencil: 0, acc: 0000, samples: 7/1
display  D   display_settings.c:506  _al_score_display_settings       [   0.04316] Score is : 585
display  D   display_settings.c:191  debug_display_settings           [   0.04317] color: 32 (rgba 8880), depth: 24, stencil: 0, acc: 0000, samples: 8/1
display  D   display_settings.c:506  _al_score_display_settings       [   0.04318] Score is : 584
display  D   display_settings.c:191  debug_display_settings           [   0.04319] color: 32 (rgba 8880), depth: 16, stencil: 0, acc: 0000, samples: 0/0
display  D   display_settings.c:506  _al_score_display_settings       [   0.04320] Score is : 769
display  D   display_settings.c:191  debug_display_settings           [   0.04321] color: 32 (rgba 8880), depth: 16, stencil: 0, acc: 0000, samples: 0/0
display  D   display_settings.c:506  _al_score_display_settings       [   0.04322] Score is : 769
display  D   display_settings.c:191  debug_display_settings           [   0.04322] color: 32 (rgba 8880), depth: 16, stencil: 0, acc: 0000, samples: 2/1
display  D   display_settings.c:506  _al_score_display_settings       [   0.04323] Score is : 598
display  D   display_settings.c:191  debug_display_settings           [   0.04324] color: 32 (rgba 8880), depth: 16, stencil: 0, acc: 0000, samples: 3/1
display  D   display_settings.c:506  _al_score_display_settings       [   0.04325] Score is : 593
display  D   display_settings.c:191  debug_display_settings           [   0.04326] color: 32 (rgba 8880), depth: 16, stencil: 0, acc: 0000, samples: 4/1
display  D   display_settings.c:506  _al_score_display_settings       [   0.04327] Score is : 589
display  D   display_settings.c:191  debug_display_settings           [   0.04328] color: 32 (rgba 8880), depth: 16, stencil: 0, acc: 0000, samples: 5/1
display  D   display_settings.c:506  _al_score_display_settings       [   0.04329] Score is : 587
display  D   display_settings.c:191  debug_display_settings           [   0.04329] color: 32 (rgba 8880), depth: 16, stencil: 0, acc: 0000, samples: 6/1
display  D   display_settings.c:506  _al_score_display_settings       [   0.04330] Score is : 586
display  D   display_settings.c:191  debug_display_settings           [   0.04331] color: 32 (rgba 8880), depth: 16, stencil: 0, acc: 0000, samples: 7/1
display  D   display_settings.c:506  _al_score_display_settings       [   0.04332] Score is : 585
display  D   display_settings.c:191  debug_display_settings           [   0.04333] color: 32 (rgba 8880), depth: 16, stencil: 0, acc: 0000, samples: 8/1
display  D   display_settings.c:506  _al_score_display_settings       [   0.04334] Score is : 584
display  D   display_settings.c:191  debug_display_settings           [   0.04335] color: 16 (rgba 5650), depth: 0, stencil: 0, acc: 0000, samples: 0/0
display  D   display_settings.c:506  _al_score_display_settings       [   0.04336] Score is : 769
display  D   display_settings.c:191  debug_display_settings           [   0.04336] color: 16 (rgba 5650), depth: 0, stencil: 0, acc: 0000, samples: 0/0
display  D   display_settings.c:506  _al_score_display_settings       [   0.04337] Score is : 769
display  D   display_settings.c:191  debug_display_settings           [   0.04338] color: 16 (rgba 5650), depth: 0, stencil: 0, acc: 0000, samples: 2/1
display  D   display_settings.c:506  _al_score_display_settings       [   0.04339] Score is : 598
display  D   display_settings.c:191  debug_display_settings           [   0.04340] color: 16 (rgba 5650), depth: 0, stencil: 0, acc: 0000, samples: 3/1
display  D   display_settings.c:506  _al_score_display_settings       [   0.04341] Score is : 593
display  D   display_settings.c:191  debug_display_settings           [   0.04341] color: 16 (rgba 5650), depth: 0, stencil: 0, acc: 0000, samples: 4/1
display  D   display_settings.c:506  _al_score_display_settings       [   0.04342] Score is : 589
display  D   display_settings.c:191  debug_display_settings           [   0.04343] color: 16 (rgba 5650), depth: 0, stencil: 0, acc: 0000, samples: 5/1
display  D   display_settings.c:506  _al_score_display_settings       [   0.04344] Score is : 587
display  D   display_settings.c:191  debug_display_settings           [   0.04345] color: 16 (rgba 5650), depth: 0, stencil: 0, acc: 0000, samples: 6/1
display  D   display_settings.c:506  _al_score_display_settings       [   0.04346] Score is : 586
display  D   display_settings.c:191  debug_display_settings           [   0.04347] color: 16 (rgba 5650), depth: 0, stencil: 0, acc: 0000, samples: 7/1
display  D   display_settings.c:506  _al_score_display_settings       [   0.04348] Score is : 585
display  D   display_settings.c:191  debug_display_settings           [   0.04349] color: 16 (rgba 5650), depth: 0, stencil: 0, acc: 0000, samples: 8/1
display  D   display_settings.c:506  _al_score_display_settings       [   0.04350] Score is : 584
display  D   display_settings.c:191  debug_display_settings           [   0.04350] color: 16 (rgba 5650), depth: 24, stencil: 8, acc: 0000, samples: 0/0
display  D   display_settings.c:506  _al_score_display_settings       [   0.04351] Score is : 769
display  D   display_settings.c:191  debug_display_settings           [   0.04352] color: 16 (rgba 5650), depth: 24, stencil: 8, acc: 0000, samples: 0/0
display  D   display_settings.c:506  _al_score_display_settings       [   0.04353] Score is : 769
display  D   display_settings.c:191  debug_display_settings           [   0.04354] color: 16 (rgba 5650), depth: 24, stencil: 8, acc: 0000, samples: 2/1
display  D   display_settings.c:506  _al_score_display_settings       [   0.04355] Score is : 598
display  D   display_settings.c:191  debug_display_settings           [   0.04356] color: 16 (rgba 5650), depth: 24, stencil: 8, acc: 0000, samples: 3/1
display  D   display_settings.c:506  _al_score_display_settings       [   0.04357] Score is : 593
display  D   display_settings.c:191  debug_display_settings           [   0.04357] color: 16 (rgba 5650), depth: 24, stencil: 8, acc: 0000, samples: 4/1
display  D   display_settings.c:506  _al_score_display_settings       [   0.04358] Score is : 589
display  D   display_settings.c:191  debug_display_settings           [   0.04359] color: 16 (rgba 5650), depth: 24, stencil: 8, acc: 0000, samples: 5/1
display  D   display_settings.c:506  _al_score_display_settings       [   0.04360] Score is : 587
display  D   display_settings.c:191  debug_display_settings           [   0.04361] color: 16 (rgba 5650), depth: 24, stencil: 8, acc: 0000, samples: 6/1
display  D   display_settings.c:506  _al_score_display_settings       [   0.04362] Score is : 586
display  D   display_settings.c:191  debug_display_settings           [   0.04363] color: 16 (rgba 5650), depth: 24, stencil: 8, acc: 0000, samples: 7/1
display  D   display_settings.c:506  _al_score_display_settings       [   0.04364] Score is : 585
display  D   display_settings.c:191  debug_display_settings           [   0.04364] color: 16 (rgba 5650), depth: 24, stencil: 8, acc: 0000, samples: 8/1
display  D   display_settings.c:506  _al_score_display_settings       [   0.04365] Score is : 584
display  D   display_settings.c:191  debug_display_settings           [   0.04366] color: 16 (rgba 5650), depth: 24, stencil: 0, acc: 0000, samples: 0/0
display  D   display_settings.c:506  _al_score_display_settings       [   0.04367] Score is : 769
display  D   display_settings.c:191  debug_display_settings           [   0.04368] color: 16 (rgba 5650), depth: 24, stencil: 0, acc: 0000, samples: 0/0
display  D   display_settings.c:506  _al_score_display_settings       [   0.04369] Score is : 769
display  D   display_settings.c:191  debug_display_settings           [   0.04369] color: 16 (rgba 5650), depth: 24, stencil: 0, acc: 0000, samples: 2/1
display  D   display_settings.c:506  _al_score_display_settings       [   0.04371] Score is : 598
display  D   display_settings.c:191  debug_display_settings           [   0.04371] color: 16 (rgba 5650), depth: 24, stencil: 0, acc: 0000, samples: 3/1
display  D   display_settings.c:506  _al_score_display_settings       [   0.04372] Score is : 593
display  D   display_settings.c:191  debug_display_settings           [   0.04373] color: 16 (rgba 5650), depth: 24, stencil: 0, acc: 0000, samples: 4/1
display  D   display_settings.c:506  _al_score_display_settings       [   0.04374] Score is : 589
display  D   display_settings.c:191  debug_display_settings           [   0.04375] color: 16 (rgba 5650), depth: 24, stencil: 0, acc: 0000, samples: 5/1
display  D   display_settings.c:506  _al_score_display_settings       [   0.04376] Score is : 587
display  D   display_settings.c:191  debug_display_settings           [   0.04377] color: 16 (rgba 5650), depth: 24, stencil: 0, acc: 0000, samples: 6/1
display  D   display_settings.c:506  _al_score_display_settings       [   0.04378] Score is : 586
display  D   display_settings.c:191  debug_display_settings           [   0.04378] color: 16 (rgba 5650), depth: 24, stencil: 0, acc: 0000, samples: 7/1
display  D   display_settings.c:506  _al_score_display_settings       [   0.04379] Score is : 585
display  D   display_settings.c:191  debug_display_settings           [   0.04380] color: 16 (rgba 5650), depth: 24, stencil: 0, acc: 0000, samples: 8/1
display  D   display_settings.c:506  _al_score_display_settings       [   0.04381] Score is : 584
display  D   display_settings.c:191  debug_display_settings           [   0.04382] color: 16 (rgba 5650), depth: 16, stencil: 0, acc: 0000, samples: 0/0
display  D   display_settings.c:506  _al_score_display_settings       [   0.04383] Score is : 769
display  D   display_settings.c:191  debug_display_settings           [   0.04384] color: 16 (rgba 5650), depth: 16, stencil: 0, acc: 0000, samples: 0/0
display  D   display_settings.c:506  _al_score_display_settings       [   0.04385] Score is : 769
display  D   display_settings.c:191  debug_display_settings           [   0.04385] color: 16 (rgba 5650), depth: 16, stencil: 0, acc: 0000, samples: 2/1
display  D   display_settings.c:506  _al_score_display_settings       [   0.04386] Score is : 598
display  D   display_settings.c:191  debug_display_settings           [   0.04387] color: 16 (rgba 5650), depth: 16, stencil: 0, acc: 0000, samples: 3/1
display  D   display_settings.c:506  _al_score_display_settings       [   0.04388] Score is : 593
display  D   display_settings.c:191  debug_display_settings           [   0.04389] color: 16 (rgba 5650), depth: 16, stencil: 0, acc: 0000, samples: 4/1
display  D   display_settings.c:506  _al_score_display_settings       [   0.04390] Score is : 589
display  D   display_settings.c:191  debug_display_settings           [   0.04390] color: 16 (rgba 5650), depth: 16, stencil: 0, acc: 0000, samples: 5/1
display  D   display_settings.c:506  _al_score_display_settings       [   0.04391] Score is : 587
display  D   display_settings.c:191  debug_display_settings           [   0.04392] color: 16 (rgba 5650), depth: 16, stencil: 0, acc: 0000, samples: 6/1
display  D   display_settings.c:506  _al_score_display_settings       [   0.04393] Score is : 586
display  D   display_settings.c:191  debug_display_settings           [   0.04394] color: 16 (rgba 5650), depth: 16, stencil: 0, acc: 0000, samples: 7/1
display  D   display_settings.c:506  _al_score_display_settings       [   0.04395] Score is : 585
display  D   display_settings.c:191  debug_display_settings           [   0.04396] color: 16 (rgba 5650), depth: 16, stencil: 0, acc: 0000, samples: 8/1
display  D   display_settings.c:506  _al_score_display_settings       [   0.04397] Score is : 584
display  D   display_settings.c:191  debug_display_settings           [   0.04397] color: 32 (rgba 8880), depth: 0, stencil: 0, acc: 0000, samples: 0/0
display  D   display_settings.c:377  _al_score_display_settings       [   0.04398] Single Buffer requirement not met.
display  D   display_settings.c:191  debug_display_settings           [   0.04399] color: 32 (rgba 8880), depth: 0, stencil: 0, acc: 0000, samples: 0/0
display  D   display_settings.c:377  _al_score_display_settings       [   0.04400] Single Buffer requirement not met.
display  D   display_settings.c:191  debug_display_settings           [   0.04401] color: 32 (rgba 8880), depth: 0, stencil: 0, acc: 0000, samples: 2/1
display  D   display_settings.c:377  _al_score_display_settings       [   0.04402] Single Buffer requirement not met.
display  D   display_settings.c:191  debug_display_settings           [   0.04403] color: 32 (rgba 8880), depth: 0, stencil: 0, acc: 0000, samples: 3/1
display  D   display_settings.c:377  _al_score_display_settings       [   0.04404] Single Buffer requirement not met.
display  D   display_settings.c:191  debug_display_settings           [   0.04405] color: 32 (rgba 8880), depth: 0, stencil: 0, acc: 0000, samples: 4/1
display  D   display_settings.c:377  _al_score_display_settings       [   0.04406] Single Buffer requirement not met.
display  D   display_settings.c:191  debug_display_settings           [   0.04406] color: 32 (rgba 8880), depth: 0, stencil: 0, acc: 0000, samples: 5/1
display  D   display_settings.c:377  _al_score_display_settings       [   0.04407] Single Buffer requirement not met.
display  D   display_settings.c:191  debug_display_settings           [   0.04408] color: 32 (rgba 8880), depth: 0, stencil: 0, acc: 0000, samples: 6/1
display  D   display_settings.c:377  _al_score_display_settings       [   0.04409] Single Buffer requirement not met.
display  D   display_settings.c:191  debug_display_settings           [   0.04410] color: 32 (rgba 8880), depth: 0, stencil: 0, acc: 0000, samples: 7/1
display  D   display_settings.c:377  _al_score_display_settings       [   0.04411] Single Buffer requirement not met.
display  D   display_settings.c:191  debug_display_settings           [   0.04412] color: 32 (rgba 8880), depth: 0, stencil: 0, acc: 0000, samples: 8/1
display  D   display_settings.c:377  _al_score_display_settings       [   0.04413] Single Buffer requirement not met.
display  D   display_settings.c:191  debug_display_settings           [   0.04413] color: 32 (rgba 8880), depth: 24, stencil: 8, acc: 0000, samples: 0/0
display  D   display_settings.c:377  _al_score_display_settings       [   0.04414] Single Buffer requirement not met.
display  D   display_settings.c:191  debug_display_settings           [   0.04415] color: 32 (rgba 8880), depth: 24, stencil: 8, acc: 0000, samples: 0/0
display  D   display_settings.c:377  _al_score_display_settings       [   0.04416] Single Buffer requirement not met.
display  D   display_settings.c:191  debug_display_settings           [   0.04417] color: 32 (rgba 8880), depth: 24, stencil: 8, acc: 0000, samples: 2/1
display  D   display_settings.c:377  _al_score_display_settings       [   0.04418] Single Buffer requirement not met.
display  D   display_settings.c:191  debug_display_settings           [   0.04419] color: 32 (rgba 8880), depth: 24, stencil: 8, acc: 0000, samples: 3/1
display  D   display_settings.c:377  _al_score_display_settings       [   0.04420] Single Buffer requirement not met.
display  D   display_settings.c:191  debug_display_settings           [   0.04421] color: 32 (rgba 8880), depth: 24, stencil: 8, acc: 0000, samples: 4/1
display  D   display_settings.c:377  _al_score_display_settings       [   0.04421] Single Buffer requirement not met.
display  D   display_settings.c:191  debug_display_settings           [   0.04422] color: 32 (rgba 8880), depth: 24, stencil: 8, acc: 0000, samples: 5/1
display  D   display_settings.c:377  _al_score_display_settings       [   0.04423] Single Buffer requirement not met.
display  D   display_settings.c:191  debug_display_settings           [   0.04424] color: 32 (rgba 8880), depth: 24, stencil: 8, acc: 0000, samples: 6/1
display  D   display_settings.c:377  _al_score_display_settings       [   0.04425] Single Buffer requirement not met.
display  D   display_settings.c:191  debug_display_settings           [   0.04426] color: 32 (rgba 8880), depth: 24, stencil: 8, acc: 0000, samples: 7/1
display  D   display_settings.c:377  _al_score_display_settings       [   0.04427] Single Buffer requirement not met.
display  D   display_settings.c:191  debug_display_settings           [   0.04428] color: 32 (rgba 8880), depth: 24, stencil: 8, acc: 0000, samples: 8/1
display  D   display_settings.c:377  _al_score_display_settings       [   0.04429] Single Buffer requirement not met.
display  D   display_settings.c:191  debug_display_settings           [   0.04430] color: 32 (rgba 8880), depth: 24, stencil: 0, acc: 0000, samples: 0/0
display  D   display_settings.c:377  _al_score_display_settings       [   0.04431] Single Buffer requirement not met.
display  D   display_settings.c:191  debug_display_settings           [   0.04431] color: 32 (rgba 8880), depth: 24, stencil: 0, acc: 0000, samples: 0/0
display  D   display_settings.c:377  _al_score_display_settings       [   0.04432] Single Buffer requirement not met.
display  D   display_settings.c:191  debug_display_settings           [   0.04433] color: 32 (rgba 8880), depth: 24, stencil: 0, acc: 0000, samples: 2/1
display  D   display_settings.c:377  _al_score_display_settings       [   0.04434] Single Buffer requirement not met.
display  D   display_settings.c:191  debug_display_settings           [   0.04435] color: 32 (rgba 8880), depth: 24, stencil: 0, acc: 0000, samples: 3/1
display  D   display_settings.c:377  _al_score_display_settings       [   0.04436] Single Buffer requirement not met.
display  D   display_settings.c:191  debug_display_settings           [   0.04437] color: 32 (rgba 8880), depth: 24, stencil: 0, acc: 0000, samples: 4/1
display  D   display_settings.c:377  _al_score_display_settings       [   0.04438] Single Buffer requirement not met.
display  D   display_settings.c:191  debug_display_settings           [   0.04438] color: 32 (rgba 8880), depth: 24, stencil: 0, acc: 0000, samples: 5/1
display  D   display_settings.c:377  _al_score_display_settings       [   0.04439] Single Buffer requirement not met.
display  D   display_settings.c:191  debug_display_settings           [   0.04440] color: 32 (rgba 8880), depth: 24, stencil: 0, acc: 0000, samples: 6/1
display  D   display_settings.c:377  _al_score_display_settings       [   0.04441] Single Buffer requirement not met.
display  D   display_settings.c:191  debug_display_settings           [   0.04442] color: 32 (rgba 8880), depth: 24, stencil: 0, acc: 0000, samples: 7/1
display  D   display_settings.c:377  _al_score_display_settings       [   0.04443] Single Buffer requirement not met.
display  D   display_settings.c:191  debug_display_settings           [   0.04444] color: 32 (rgba 8880), depth: 24, stencil: 0, acc: 0000, samples: 8/1
display  D   display_settings.c:377  _al_score_display_settings       [   0.04445] Single Buffer requirement not met.
display  D   display_settings.c:191  debug_display_settings           [   0.04446] color: 32 (rgba 8880), depth: 16, stencil: 0, acc: 0000, samples: 0/0
display  D   display_settings.c:377  _al_score_display_settings       [   0.04447] Single Buffer requirement not met.
display  D   display_settings.c:191  debug_display_settings           [   0.04447] color: 32 (rgba 8880), depth: 16, stencil: 0, acc: 0000, samples: 0/0
display  D   display_settings.c:377  _al_score_display_settings       [   0.04448] Single Buffer requirement not met.
display  D   display_settings.c:191  debug_display_settings           [   0.04449] color: 32 (rgba 8880), depth: 16, stencil: 0, acc: 0000, samples: 2/1
display  D   display_settings.c:377  _al_score_display_settings       [   0.04450] Single Buffer requirement not met.
display  D   display_settings.c:191  debug_display_settings           [   0.04451] color: 32 (rgba 8880), depth: 16, stencil: 0, acc: 0000, samples: 3/1
display  D   display_settings.c:377  _al_score_display_settings       [   0.04454] Single Buffer requirement not met.
display  D   display_settings.c:191  debug_display_settings           [   0.04455] color: 32 (rgba 8880), depth: 16, stencil: 0, acc: 0000, samples: 4/1
display  D   display_settings.c:377  _al_score_display_settings       [   0.04456] Single Buffer requirement not met.
display  D   display_settings.c:191  debug_display_settings           [   0.04457] color: 32 (rgba 8880), depth: 16, stencil: 0, acc: 0000, samples: 5/1
display  D   display_settings.c:377  _al_score_display_settings       [   0.04458] Single Buffer requirement not met.
display  D   display_settings.c:191  debug_display_settings           [   0.04459] color: 32 (rgba 8880), depth: 16, stencil: 0, acc: 0000, samples: 6/1
display  D   display_settings.c:377  _al_score_display_settings       [   0.04460] Single Buffer requirement not met.
display  D   display_settings.c:191  debug_display_settings           [   0.04461] color: 32 (rgba 8880), depth: 16, stencil: 0, acc: 0000, samples: 7/1
display  D   display_settings.c:377  _al_score_display_settings       [   0.04462] Single Buffer requirement not met.
display  D   display_settings.c:191  debug_display_settings           [   0.04462] color: 32 (rgba 8880), depth: 16, stencil: 0, acc: 0000, samples: 8/1
display  D   display_settings.c:377  _al_score_display_settings       [   0.04463] Single Buffer requirement not met.
display  D   display_settings.c:191  debug_display_settings           [   0.04464] color: 16 (rgba 5650), depth: 0, stencil: 0, acc: 0000, samples: 0/0
display  D   display_settings.c:377  _al_score_display_settings       [   0.04465] Single Buffer requirement not met.
display  D   display_settings.c:191  debug_display_settings           [   0.04466] color: 16 (rgba 5650), depth: 0, stencil: 0, acc: 0000, samples: 0/0
display  D   display_settings.c:377  _al_score_display_settings       [   0.04467] Single Buffer requirement not met.
display  D   display_settings.c:191  debug_display_settings           [   0.04468] color: 16 (rgba 5650), depth: 0, stencil: 0, acc: 0000, samples: 2/1
display  D   display_settings.c:377  _al_score_display_settings       [   0.04469] Single Buffer requirement not met.
display  D   display_settings.c:191  debug_display_settings           [   0.04470] color: 16 (rgba 5650), depth: 0, stencil: 0, acc: 0000, samples: 3/1
display  D   display_settings.c:377  _al_score_display_settings       [   0.04471] Single Buffer requirement not met.
display  D   display_settings.c:191  debug_display_settings           [   0.04471] color: 16 (rgba 5650), depth: 0, stencil: 0, acc: 0000, samples: 4/1
display  D   display_settings.c:377  _al_score_display_settings       [   0.04472] Single Buffer requirement not met.
display  D   display_settings.c:191  debug_display_settings           [   0.04473] color: 16 (rgba 5650), depth: 0, stencil: 0, acc: 0000, samples: 5/1
display  D   display_settings.c:377  _al_score_display_settings       [   0.04474] Single Buffer requirement not met.
display  D   display_settings.c:191  debug_display_settings           [   0.04475] color: 16 (rgba 5650), depth: 0, stencil: 0, acc: 0000, samples: 6/1
display  D   display_settings.c:377  _al_score_display_settings       [   0.04476] Single Buffer requirement not met.
display  D   display_settings.c:191  debug_display_settings           [   0.04477] color: 16 (rgba 5650), depth: 0, stencil: 0, acc: 0000, samples: 7/1
display  D   display_settings.c:377  _al_score_display_settings       [   0.04478] Single Buffer requirement not met.
display  D   display_settings.c:191  debug_display_settings           [   0.04478] color: 16 (rgba 5650), depth: 0, stencil: 0, acc: 0000, samples: 8/1
display  D   display_settings.c:377  _al_score_display_settings       [   0.04479] Single Buffer requirement not met.
display  D   display_settings.c:191  debug_display_settings           [   0.04480] color: 16 (rgba 5650), depth: 24, stencil: 8, acc: 0000, samples: 0/0
display  D   display_settings.c:377  _al_score_display_settings       [   0.04481] Single Buffer requirement not met.
display  D   display_settings.c:191  debug_display_settings           [   0.04482] color: 16 (rgba 5650), depth: 24, stencil: 8, acc: 0000, samples: 0/0
display  D   display_settings.c:377  _al_score_display_settings       [   0.04483] Single Buffer requirement not met.
display  D   display_settings.c:191  debug_display_settings           [   0.04484] color: 16 (rgba 5650), depth: 24, stencil: 8, acc: 0000, samples: 2/1
display  D   display_settings.c:377  _al_score_display_settings       [   0.04485] Single Buffer requirement not met.
display  D   display_settings.c:191  debug_display_settings           [   0.04486] color: 16 (rgba 5650), depth: 24, stencil: 8, acc: 0000, samples: 3/1
display  D   display_settings.c:377  _al_score_display_settings       [   0.04487] Single Buffer requirement not met.
display  D   display_settings.c:191  debug_display_settings           [   0.04487] color: 16 (rgba 5650), depth: 24, stencil: 8, acc: 0000, samples: 4/1
display  D   display_settings.c:377  _al_score_display_settings       [   0.04488] Single Buffer requirement not met.
display  D   display_settings.c:191  debug_display_settings           [   0.04489] color: 16 (rgba 5650), depth: 24, stencil: 8, acc: 0000, samples: 5/1
display  D   display_settings.c:377  _al_score_display_settings       [   0.04490] Single Buffer requirement not met.
display  D   display_settings.c:191  debug_display_settings           [   0.04491] color: 16 (rgba 5650), depth: 24, stencil: 8, acc: 0000, samples: 6/1
display  D   display_settings.c:377  _al_score_display_settings       [   0.04492] Single Buffer requirement not met.
display  D   display_settings.c:191  debug_display_settings           [   0.04493] color: 16 (rgba 5650), depth: 24, stencil: 8, acc: 0000, samples: 7/1
display  D   display_settings.c:377  _al_score_display_settings       [   0.04494] Single Buffer requirement not met.
display  D   display_settings.c:191  debug_display_settings           [   0.04495] color: 16 (rgba 5650), depth: 24, stencil: 8, acc: 0000, samples: 8/1
display  D   display_settings.c:377  _al_score_display_settings       [   0.04496] Single Buffer requirement not met.
display  D   display_settings.c:191  debug_display_settings           [   0.04496] color: 16 (rgba 5650), depth: 24, stencil: 0, acc: 0000, samples: 0/0
display  D   display_settings.c:377  _al_score_display_settings       [   0.04497] Single Buffer requirement not met.
display  D   display_settings.c:191  debug_display_settings           [   0.04498] color: 16 (rgba 5650), depth: 24, stencil: 0, acc: 0000, samples: 0/0
display  D   display_settings.c:377  _al_score_display_settings       [   0.04499] Single Buffer requirement not met.
display  D   display_settings.c:191  debug_display_settings           [   0.04500] color: 16 (rgba 5650), depth: 24, stencil: 0, acc: 0000, samples: 2/1
display  D   display_settings.c:377  _al_score_display_settings       [   0.04501] Single Buffer requirement not met.
display  D   display_settings.c:191  debug_display_settings           [   0.04502] color: 16 (rgba 5650), depth: 24, stencil: 0, acc: 0000, samples: 3/1
display  D   display_settings.c:377  _al_score_display_settings       [   0.04503] Single Buffer requirement not met.
display  D   display_settings.c:191  debug_display_settings           [   0.04503] color: 16 (rgba 5650), depth: 24, stencil: 0, acc: 0000, samples: 4/1
display  D   display_settings.c:377  _al_score_display_settings       [   0.04504] Single Buffer requirement not met.
display  D   display_settings.c:191  debug_display_settings           [   0.04505] color: 16 (rgba 5650), depth: 24, stencil: 0, acc: 0000, samples: 5/1
display  D   display_settings.c:377  _al_score_display_settings       [   0.04506] Single Buffer requirement not met.
display  D   display_settings.c:191  debug_display_settings           [   0.04507] color: 16 (rgba 5650), depth: 24, stencil: 0, acc: 0000, samples: 6/1
display  D   display_settings.c:377  _al_score_display_settings       [   0.04508] Single Buffer requirement not met.
display  D   display_settings.c:191  debug_display_settings           [   0.04509] color: 16 (rgba 5650), depth: 24, stencil: 0, acc: 0000, samples: 7/1
display  D   display_settings.c:377  _al_score_display_settings       [   0.04510] Single Buffer requirement not met.
display  D   display_settings.c:191  debug_display_settings           [   0.04511] color: 16 (rgba 5650), depth: 24, stencil: 0, acc: 0000, samples: 8/1
display  D   display_settings.c:377  _al_score_display_settings       [   0.04512] Single Buffer requirement not met.
display  D   display_settings.c:191  debug_display_settings           [   0.04512] color: 16 (rgba 5650), depth: 16, stencil: 0, acc: 0000, samples: 0/0
display  D   display_settings.c:377  _al_score_display_settings       [   0.04513] Single Buffer requirement not met.
display  D   display_settings.c:191  debug_display_settings           [   0.04514] color: 16 (rgba 5650), depth: 16, stencil: 0, acc: 0000, samples: 0/0
display  D   display_settings.c:377  _al_score_display_settings       [   0.04515] Single Buffer requirement not met.
display  D   display_settings.c:191  debug_display_settings           [   0.04516] color: 16 (rgba 5650), depth: 16, stencil: 0, acc: 0000, samples: 2/1
display  D   display_settings.c:377  _al_score_display_settings       [   0.04517] Single Buffer requirement not met.
display  D   display_settings.c:191  debug_display_settings           [   0.04518] color: 16 (rgba 5650), depth: 16, stencil: 0, acc: 0000, samples: 3/1
display  D   display_settings.c:377  _al_score_display_settings       [   0.04519] Single Buffer requirement not met.
display  D   display_settings.c:191  debug_display_settings           [   0.04520] color: 16 (rgba 5650), depth: 16, stencil: 0, acc: 0000, samples: 4/1
display  D   display_settings.c:377  _al_score_display_settings       [   0.04520] Single Buffer requirement not met.
display  D   display_settings.c:191  debug_display_settings           [   0.04521] color: 16 (rgba 5650), depth: 16, stencil: 0, acc: 0000, samples: 5/1
display  D   display_settings.c:377  _al_score_display_settings       [   0.04522] Single Buffer requirement not met.
display  D   display_settings.c:191  debug_display_settings           [   0.04523] color: 16 (rgba 5650), depth: 16, stencil: 0, acc: 0000, samples: 6/1
display  D   display_settings.c:377  _al_score_display_settings       [   0.04524] Single Buffer requirement not met.
display  D   display_settings.c:191  debug_display_settings           [   0.04525] color: 16 (rgba 5650), depth: 16, stencil: 0, acc: 0000, samples: 7/1
display  D   display_settings.c:377  _al_score_display_settings       [   0.04526] Single Buffer requirement not met.
display  D   display_settings.c:191  debug_display_settings           [   0.04527] color: 16 (rgba 5650), depth: 16, stencil: 0, acc: 0000, samples: 8/1
display  D   display_settings.c:377  _al_score_display_settings       [   0.04527] Single Buffer requirement not met.
d3d      D         d3d_disp.cpp:1645 d3d_create_display_internals     [   0.04533] Trying format 0.
d3d      I         d3d_disp.cpp:1326 d3d_display_thread_proc          [   0.04599] Chose a display format: 23
d3d      I         d3d_disp.cpp:1395 d3d_display_thread_proc          [   0.04602] Normal window.
d3d      I         d3d_disp.cpp:801  d3d_create_device                [   0.05152] Using no depth stencil buffer
d3d      D         d3d_disp.cpp:866  d3d_create_device                [   0.11400] BeginScene succeeded in create_device
d3d      D         d3d_disp.cpp:874  d3d_create_device                [   0.11403] Success
d3d      D         d3d_disp.cpp:1668 d3d_create_display_internals     [   0.11406] Resumed after wait.
d3d      I         d3d_disp.cpp:1701 d3d_create_display_internals     [   0.11412] Format 0 succeeded.
d3d      D         d3d_disp.cpp:1724 d3d_create_display_internals     [   0.11414] Returning d3d_display: 02715108
d3d      D         d3d_disp.cpp:1749 d3d_create_display_locked        [   0.11416] al_display=02715108
d3d      D         d3d_disp.cpp:1750 d3d_create_display_locked        [   0.11417] al_display->vt=02715040
d3d      D         d3d_disp.cpp:1166 real_choose_bitmap_format        [   0.11949] Fake format
d3d      D         d3d_disp.cpp:1166 real_choose_bitmap_format        [   0.11951] Fake format
d3d      D         d3d_disp.cpp:1166 real_choose_bitmap_format        [   0.11952] Fake format
d3d      D         d3d_disp.cpp:1166 real_choose_bitmap_format        [   0.11953] Fake format
d3d      D         d3d_disp.cpp:1166 real_choose_bitmap_format        [   0.11953] Fake format
d3d      D         d3d_disp.cpp:1166 real_choose_bitmap_format        [   0.11954] Fake format
d3d      D         d3d_disp.cpp:1166 real_choose_bitmap_format        [   0.11955] Fake format
d3d      D         d3d_disp.cpp:1166 real_choose_bitmap_format        [   0.11956] Fake format
d3d      D         d3d_disp.cpp:1166 real_choose_bitmap_format        [   0.11956] Fake format
d3d      D         d3d_disp.cpp:1174 real_choose_bitmap_format        [   0.11957] Alpha doesn't match
d3d      D         d3d_disp.cpp:1181 real_choose_bitmap_format        [   0.11958] Adapter format is 23
d3d      D         d3d_disp.cpp:1184 real_choose_bitmap_format        [   0.11959] Found a format
d3d      I         d3d_disp.cpp:2283 _al_d3d_create_bitmap            [   0.11960] Chose bitmap format 9
dtor     D               dtor.c:184  _al_register_destructor          [   0.12125] added dtor for object 0256E6A0, func 5B4625BD
d3d      D          d3d_bmp.cpp:467  _al_d3d_sync_bitmap              [   0.13855] _al_d3d_sync_bitmap (system) ref count == 1
d3d      D          d3d_bmp.cpp:473  _al_d3d_sync_bitmap              [   0.13858] _al_d3d_sync_bitmap (video) ref count == 1
font     D                ttf.c:792  al_load_ttf_font_stretch_f       [   0.15010] Font GOODTIME.ttf loaded with pixel size 0 x 24.
font     D                ttf.c:794  al_load_ttf_font_stretch_f       [   0.15012]     ascent=20.0, descent=-6.0, height=25.0
dtor     D               dtor.c:184  _al_register_destructor          [   0.15014] added dtor for object 02574030, func 5B461B63
font     D                ttf.c:792  al_load_ttf_font_stretch_f       [   0.15040] Font hulk3d2.ttf loaded with pixel size 0 x 72.
font     D                ttf.c:794  al_load_ttf_font_stretch_f       [   0.15041]     ascent=56.0, descent=-16.0, height=72.0
dtor     D               dtor.c:184  _al_register_destructor          [   0.15043] added dtor for object 02577E90, func 5B461B63
dtor     D               dtor.c:184  _al_register_destructor          [   0.15045] added dtor for object 02577F38, func 5B4627CF
d3d      D         d3d_disp.cpp:1166 real_choose_bitmap_format        [   0.15303] Fake format
d3d      D         d3d_disp.cpp:1166 real_choose_bitmap_format        [   0.15306] Fake format
d3d      D         d3d_disp.cpp:1166 real_choose_bitmap_format        [   0.15307] Fake format
d3d      D         d3d_disp.cpp:1166 real_choose_bitmap_format        [   0.15308] Fake format
d3d      D         d3d_disp.cpp:1166 real_choose_bitmap_format        [   0.15309] Fake format
d3d      D         d3d_disp.cpp:1166 real_choose_bitmap_format        [   0.15309] Fake format
d3d      D         d3d_disp.cpp:1166 real_choose_bitmap_format        [   0.15310] Fake format
d3d      D         d3d_disp.cpp:1166 real_choose_bitmap_format        [   0.15311] Fake format
d3d      D         d3d_disp.cpp:1166 real_choose_bitmap_format        [   0.15312] Fake format
d3d      D         d3d_disp.cpp:1174 real_choose_bitmap_format        [   0.15312] Alpha doesn't match
d3d      D         d3d_disp.cpp:1181 real_choose_bitmap_format        [   0.15313] Adapter format is 23
d3d      D         d3d_disp.cpp:1184 real_choose_bitmap_format        [   0.15314] Found a format
d3d      I         d3d_disp.cpp:2283 _al_d3d_create_bitmap            [   0.15315] Chose bitmap format 9
font     D                ttf.c:217  alloc_glyph_region               [   0.15416] Glyph 51: 49x54 (52x56)
d3d      D          d3d_bmp.cpp:467  _al_d3d_sync_bitmap              [   0.16598] _al_d3d_sync_bitmap (system) ref count == 1
d3d      D          d3d_bmp.cpp:473  _al_d3d_sync_bitmap              [   0.16600] _al_d3d_sync_bitmap (video) ref count == 2
font     D                ttf.c:217  alloc_glyph_region               [   0.16740] Glyph 48: 47x54 (48x56)
d3d      D          d3d_bmp.cpp:467  _al_d3d_sync_bitmap              [   0.16755] _al_d3d_sync_bitmap (system) ref count == 1
d3d      D          d3d_bmp.cpp:473  _al_d3d_sync_bitmap              [   0.16756] _al_d3d_sync_bitmap (video) ref count == 2
font     D                ttf.c:217  alloc_glyph_region               [   0.16805] Glyph 33: 62x57 (64x60)
d3d      D          d3d_bmp.cpp:467  _al_d3d_sync_bitmap              [   0.16815] _al_d3d_sync_bitmap (system) ref count == 1
d3d      D          d3d_bmp.cpp:473  _al_d3d_sync_bitmap              [   0.16816] _al_d3d_sync_bitmap (video) ref count == 2
font     D                ttf.c:217  alloc_glyph_region               [   0.16891] Glyph 35: 57x56 (60x56)
d3d      D          d3d_bmp.cpp:467  _al_d3d_sync_bitmap              [   0.16917] _al_d3d_sync_bitmap (system) ref count == 1
d3d      D          d3d_bmp.cpp:473  _al_d3d_sync_bitmap              [   0.16918] _al_d3d_sync_bitmap (video) ref count == 2
font     D                ttf.c:217  alloc_glyph_region               [   0.16992] Glyph 37: 46x56 (48x56)
d3d      D          d3d_bmp.cpp:467  _al_d3d_sync_bitmap              [   0.17003] _al_d3d_sync_bitmap (system) ref count == 1
d3d      D          d3d_bmp.cpp:473  _al_d3d_sync_bitmap              [   0.17005] _al_d3d_sync_bitmap (video) ref count == 2
font     D                ttf.c:406  cache_glyph                      [   0.17028] Glyph 3 has zero size.
font     D                ttf.c:217  alloc_glyph_region               [   0.17048] Glyph 40: 55x57 (56x60)
d3d      D          d3d_bmp.cpp:467  _al_d3d_sync_bitmap              [   0.17057] _al_d3d_sync_bitmap (system) ref count == 1
d3d      D          d3d_bmp.cpp:473  _al_d3d_sync_bitmap              [   0.17058] _al_d3d_sync_bitmap (video) ref count == 2
font     D                ttf.c:217  alloc_glyph_region               [   0.17101] Glyph 47: 53x57 (56x60)
d3d      D          d3d_bmp.cpp:467  _al_d3d_sync_bitmap              [   0.17111] _al_d3d_sync_bitmap (system) ref count == 1
d3d      D          d3d_bmp.cpp:473  _al_d3d_sync_bitmap              [   0.17112] _al_d3d_sync_bitmap (video) ref count == 2
font     D                ttf.c:217  alloc_glyph_region               [   0.17152] Glyph 52: 54x54 (56x56)
d3d      D          d3d_bmp.cpp:467  _al_d3d_sync_bitmap              [   0.17162] _al_d3d_sync_bitmap (system) ref count == 1
d3d      D          d3d_bmp.cpp:473  _al_d3d_sync_bitmap              [   0.17163] _al_d3d_sync_bitmap (video) ref count == 2
font     D                ttf.c:217  alloc_glyph_region               [   0.17206] Glyph 50: 55x54 (56x56)
d3d      D          d3d_bmp.cpp:467  _al_d3d_sync_bitmap              [   0.17215] _al_d3d_sync_bitmap (system) ref count == 1
d3d      D          d3d_bmp.cpp:473  _al_d3d_sync_bitmap              [   0.17217] _al_d3d_sync_bitmap (video) ref count == 2
font     D                ttf.c:217  alloc_glyph_region               [   0.17250] Glyph 4: 22x55 (24x56)
d3d      D          d3d_bmp.cpp:467  _al_d3d_sync_bitmap              [   0.17260] _al_d3d_sync_bitmap (system) ref count == 1
d3d      D          d3d_bmp.cpp:473  _al_d3d_sync_bitmap              [   0.17261] _al_d3d_sync_bitmap (video) ref count == 2
d3d      D         d3d_disp.cpp:1166 real_choose_bitmap_format        [   0.17301] Fake format
d3d      D         d3d_disp.cpp:1166 real_choose_bitmap_format        [   0.17302] Fake format
d3d      D         d3d_disp.cpp:1166 real_choose_bitmap_format        [   0.17303] Fake format
d3d      D         d3d_disp.cpp:1166 real_choose_bitmap_format        [   0.17304] Fake format
d3d      D         d3d_disp.cpp:1166 real_choose_bitmap_format        [   0.17304] Fake format
d3d      D         d3d_disp.cpp:1166 real_choose_bitmap_format        [   0.17306] Fake format
d3d      D         d3d_disp.cpp:1166 real_choose_bitmap_format        [   0.17306] Fake format
d3d      D         d3d_disp.cpp:1166 real_choose_bitmap_format        [   0.17307] Fake format
d3d      D         d3d_disp.cpp:1166 real_choose_bitmap_format        [   0.17308] Fake format
d3d      D         d3d_disp.cpp:1174 real_choose_bitmap_format        [   0.17309] Alpha doesn't match
d3d      D         d3d_disp.cpp:1181 real_choose_bitmap_format        [   0.17309] Adapter format is 23
d3d      D         d3d_disp.cpp:1184 real_choose_bitmap_format        [   0.17310] Found a format
d3d      I         d3d_disp.cpp:2283 _al_d3d_create_bitmap            [   0.17311] Chose bitmap format 9
font     D                ttf.c:217  alloc_glyph_region               [   0.17371] Glyph 54: 18x19 (20x20)
d3d      D          d3d_bmp.cpp:467  _al_d3d_sync_bitmap              [   0.17389] _al_d3d_sync_bitmap (system) ref count == 1
d3d      D          d3d_bmp.cpp:473  _al_d3d_sync_bitmap              [   0.17390] _al_d3d_sync_bitmap (video) ref count == 2
font     D                ttf.c:217  alloc_glyph_region               [   0.17440] Glyph 77: 17x19 (20x20)
d3d      D          d3d_bmp.cpp:467  _al_d3d_sync_bitmap              [   0.17453] _al_d3d_sync_bitmap (system) ref count == 1
d3d      D          d3d_bmp.cpp:473  _al_d3d_sync_bitmap              [   0.17454] _al_d3d_sync_bitmap (video) ref count == 2
font     D                ttf.c:217  alloc_glyph_region               [   0.17485] Glyph 95: 31x19 (32x20)
d3d      D          d3d_bmp.cpp:467  _al_d3d_sync_bitmap              [   0.17496] _al_d3d_sync_bitmap (system) ref count == 1
d3d      D          d3d_bmp.cpp:473  _al_d3d_sync_bitmap              [   0.17498] _al_d3d_sync_bitmap (video) ref count == 2
font     D                ttf.c:406  cache_glyph                      [   0.17523] Glyph 3 has zero size.
font     D                ttf.c:217  alloc_glyph_region               [   0.17529] Glyph 79: 21x19 (24x20)
d3d      D          d3d_bmp.cpp:467  _al_d3d_sync_bitmap              [   0.17540] _al_d3d_sync_bitmap (system) ref count == 1
d3d      D          d3d_bmp.cpp:473  _al_d3d_sync_bitmap              [   0.17541] _al_d3d_sync_bitmap (video) ref count == 2
font     D                ttf.c:217  alloc_glyph_region               [   0.17571] Glyph 73: 25x19 (28x20)
d3d      D          d3d_bmp.cpp:467  _al_d3d_sync_bitmap              [   0.17583] _al_d3d_sync_bitmap (system) ref count == 1
d3d      D          d3d_bmp.cpp:473  _al_d3d_sync_bitmap              [   0.17585] _al_d3d_sync_bitmap (video) ref count == 2
font     D                ttf.c:217  alloc_glyph_region               [   0.17613] Glyph 85: 28x19 (28x20)
d3d      D          d3d_bmp.cpp:467  _al_d3d_sync_bitmap              [   0.17624] _al_d3d_sync_bitmap (system) ref count == 1
d3d      D          d3d_bmp.cpp:473  _al_d3d_sync_bitmap              [   0.17625] _al_d3d_sync_bitmap (video) ref count == 2
font     D                ttf.c:217  alloc_glyph_region               [   0.17652] Glyph 49: 4x19 (4x20)
d3d      D          d3d_bmp.cpp:467  _al_d3d_sync_bitmap              [   0.17664] _al_d3d_sync_bitmap (system) ref count == 1
d3d      D          d3d_bmp.cpp:473  _al_d3d_sync_bitmap              [   0.17665] _al_d3d_sync_bitmap (video) ref count == 2
font     D                ttf.c:217  alloc_glyph_region               [   0.17691] Glyph 86: 18x19 (20x20)
d3d      D          d3d_bmp.cpp:467  _al_d3d_sync_bitmap              [   0.17702] _al_d3d_sync_bitmap (system) ref count == 1
d3d      D          d3d_bmp.cpp:473  _al_d3d_sync_bitmap              [   0.17703] _al_d3d_sync_bitmap (video) ref count == 2
font     D                ttf.c:217  alloc_glyph_region               [   0.17730] Glyph 91: 20x19 (20x20)
d3d      D          d3d_bmp.cpp:467  _al_d3d_sync_bitmap              [   0.17740] _al_d3d_sync_bitmap (system) ref count == 1
d3d      D          d3d_bmp.cpp:473  _al_d3d_sync_bitmap              [   0.17741] _al_d3d_sync_bitmap (video) ref count == 2
font     D                ttf.c:217  alloc_glyph_region               [   0.17766] Glyph 92: 18x19 (20x20)
d3d      D          d3d_bmp.cpp:467  _al_d3d_sync_bitmap              [   0.17776] _al_d3d_sync_bitmap (system) ref count == 1
d3d      D          d3d_bmp.cpp:473  _al_d3d_sync_bitmap              [   0.17777] _al_d3d_sync_bitmap (video) ref count == 2
font     D                ttf.c:217  alloc_glyph_region               [   0.17804] Glyph 90: 22x19 (24x20)
d3d      D          d3d_bmp.cpp:467  _al_d3d_sync_bitmap              [   0.17814] _al_d3d_sync_bitmap (system) ref count == 1
d3d      D          d3d_bmp.cpp:473  _al_d3d_sync_bitmap              [   0.17815] _al_d3d_sync_bitmap (video) ref count == 2
font     D                ttf.c:217  alloc_glyph_region               [   0.17842] Glyph 93: 20x19 (20x20)
d3d      D          d3d_bmp.cpp:467  _al_d3d_sync_bitmap              [   0.17851] _al_d3d_sync_bitmap (system) ref count == 1
d3d      D          d3d_bmp.cpp:473  _al_d3d_sync_bitmap              [   0.17853] _al_d3d_sync_bitmap (video) ref count == 2
font     D                ttf.c:217  alloc_glyph_region               [   0.17878] Glyph 75: 20x19 (20x20)
d3d      D          d3d_bmp.cpp:467  _al_d3d_sync_bitmap              [   0.17888] _al_d3d_sync_bitmap (system) ref count == 1
d3d      D          d3d_bmp.cpp:473  _al_d3d_sync_bitmap              [   0.17889] _al_d3d_sync_bitmap (video) ref count == 2
font     D                ttf.c:217  alloc_glyph_region               [   0.17914] Glyph 81: 4x19 (4x20)
d3d      D          d3d_bmp.cpp:467  _al_d3d_sync_bitmap              [   0.17924] _al_d3d_sync_bitmap (system) ref count == 1
d3d      D          d3d_bmp.cpp:473  _al_d3d_sync_bitmap              [   0.17926] _al_d3d_sync_bitmap (video) ref count == 2
font     D                ttf.c:217  alloc_glyph_region               [   0.17952] Glyph 45: 17x19 (20x20)
d3d      D          d3d_bmp.cpp:467  _al_d3d_sync_bitmap              [   0.17964] _al_d3d_sync_bitmap (system) ref count == 1
d3d      D          d3d_bmp.cpp:473  _al_d3d_sync_bitmap              [   0.17966] _al_d3d_sync_bitmap (video) ref count == 2
font     D                ttf.c:217  alloc_glyph_region               [   0.17995] Glyph 96: 23x19 (24x20)
d3d      D          d3d_bmp.cpp:467  _al_d3d_sync_bitmap              [   0.18005] _al_d3d_sync_bitmap (system) ref count == 1
d3d      D          d3d_bmp.cpp:473  _al_d3d_sync_bitmap              [   0.18006] _al_d3d_sync_bitmap (video) ref count == 2
d3d      D          d3d_bmp.cpp:467  _al_d3d_sync_bitmap              [   0.19089] _al_d3d_sync_bitmap (system) ref count == 1
d3d      D          d3d_bmp.cpp:473  _al_d3d_sync_bitmap              [   0.19092] _al_d3d_sync_bitmap (video) ref count == 1
d3d      D          d3d_bmp.cpp:467  _al_d3d_sync_bitmap              [   0.19255] _al_d3d_sync_bitmap (system) ref count == 1
d3d      D          d3d_bmp.cpp:473  _al_d3d_sync_bitmap              [   0.19257] _al_d3d_sync_bitmap (video) ref count == 2
d3d      D          d3d_bmp.cpp:467  _al_d3d_sync_bitmap              [   0.19287] _al_d3d_sync_bitmap (system) ref count == 1
d3d      D          d3d_bmp.cpp:473  _al_d3d_sync_bitmap              [   0.19288] _al_d3d_sync_bitmap (video) ref count == 2
