 -1 -1 -1 -1 -1 -1 -1 -1 -1 -1 -1 -1 -1 -1 -1 -1 -1 -1 -1 -1 -1 -1 -1 -1 -1 -1 -1 -1 -1 -1 -1 -1 -1 -1 -1 -1 -1 -1 -1 -1
 -1      -2      -2     -2    -2  0  0  0  0  0  0  0 -2 -2  0  0  0  0  0  0  0  0 -1
 -1  0 -2 -2  -2 -2  -2  -2 -2   -2 -2    -2  -2  0 -2 -2 -2 -2  0 -2  0  0  0 -2 -2 -2 -2 -2  0 -2 -1
 -1  0  0 -2     -2  -2 -2  -2    -2  -2  -2 -2    -2  0  0  0 -2  0 -2  0  0  0  0  0  0 -1
 -1 -2  0  0 -2 -2 -2  -2     -2  -2 -2 -2  -2   -2  -2   -2  0 -2  0  0 -2  0 -2  0 -2  0 -2 -1
 -1  0 -2  0 -2  0  0 -2  0 -2 -2 -2 -2  0 -2     -2 -2  -2   -2   0 -2  0  0 -2  0  0 -2  0 -2  0  0 -1
 -1  0 -2  0  0 -2  0  0  0  0  0  0 -2  0 -2  -2 -2 -2  -2   -2   -2  0 -2 -2 -2  0  0 -2  0 -2  0  0 -2 -1
 -1  0 -2  0 -2  0  0 -2 -2  0 -2  0  0  0 -2  -2    -2 -2  -2 -2  -2  0  0  0  0  0 -2  0  0  0  0 -2  0 -1
 -1  0 -2  0  0 -2  0  0  0 -2  0  0 -2 -2   -2 -2 -2   -2      -2 -2 -2 -2 -2  0 -2  0 -2 -2  0  0 -1
 -1  0 -2 -2  0  0 -2 -2  0  0 -2  0 -2   -2    -2    -2 -2 -2 -2     -2  0  0  0  0 -2 -2  0 -1
 -1  0  0 -2 -2  0  0  0 -2 -2 -2  0 -2  -2   -2  -2 -2  -2      -2 -2   -2 -2 -2  0  0  0  0 -1
 -1 -2  0  0  0  0 -2  0  0  0  0  0 -2  -2 -2  -2    -2   -2  -2 -2    -2    -2 -2  0 -2 -1
 -1  -2 -2 -2 -2  -2  0 -2 -2  0 -2      -2 -2  -2  -2 -2 -2    -2 -2   -2   -2  0  0 -1
 -1        -2  0  0  0 -2 -2 -2 -2 -2   -2     -2   -2 -2  -2  -2 43 -2  -2 -2 -2 -1
 -1 -2  -2 -2 -2 -2  -2  0 -2 -2      -2 -2  -2 -2  -2 -2  -2    -2  -2 42 -2     -1
 -1      -2   -2 -2   -2 -2 -2  -2     -2    -2  -2    -2 41 -2  -2 -2  -1
 -1  -2 -2 -2   -2     -2     -2  -2 -2    -2 -2 -2   -2 -2 -2 41 40 39 -2 -2 -2  -1
 -1  -2 91 92 -2   -2 -2 -2 -2   -2  -2    -2 -2  -2    -2  -2 42 41 -2 -2 38 37 -2   -1
 -1  -2 90 -2 90 -2     -2 -2   -2   -2    -2   -2    -2 -2 40 39 38 -2 36 -2  -2 -1
 -1  -2 89 88 89 -2 -2 -2 -2    -2    -2   -2  -2  -2 51 -2 -2 -2 43 42 41 -2 37 -2 35 -2   -1
 -1  -2 -2 87 -2 83 82 81 -2  -2  -2 -2 -2 -2 -2 -2 -2  -2 -2  -2 50 49 48 -2 44 -2 42 -2 36 35 34 -2  -2 -1
 -1   -2 86 85 84 -2 80 79 -2       -2       -2 51 -2 47 46 45 46 -2 30 -2 -2 33 -2  -2 -1
 -1 -2   -2 86 -2 90 -2 78 77 -2 -2 -2 -2 -2  -2  -2 -2 -2  -2 -2 52 53 -2 -2 -2 47 -2 29 30 31 32 -2   -1
 -1  -2  -2 87 88 89 90 -2 76 75 74 73 72 -2    -2 60 59 -2 55 54 53 -2 -2 50 49 48 -2 28 -2 32 -2  -2  -1
 -1  -2   -2 89 -2 91 92 -2 -2 -2 -2 71 70 -2 -2 -2 66 -2 58 57 56 -2 -2 53 52 51 -2 -2 26 27 -2 -2     -1
 -1   -2   -2 93 92 -2  99 98 97 -2 69 68 67 66 65 64 -2 58 -2 -2 55 54 -2 -2 23 24 25 -2 29 -2  -2 -2  -1
 -1  -2  -2   -2 -2   -2 -2 96 -2 -2 69 -2 67 -2 63 62 -2 58 57 56 -2 12 -2 22 -2 26 27 28 -2    -2 -1
 -1  -2   -2     -2  -2 95 94 93 -2 -2 68 69 -2 61 60 59 -2 -2 12 11 -2 21 -2 27 -2 -2  -2 -2  -2 -1
 -1    -2  -2 -2 -2 -2    -2 -2 92 91 90 -2 70 71 -2 61 -2  9  8 -2 10 -2 20 19 -2     -2   -1
 -1 -2  -2       -2 -2    -2 -2 89 88 -2 72 -2 -2 77 -2  7  8  9 10 -2 18 -2  -2 -2  -2 -2  -1
 -1     -2  -2 -2    -2  -2 90 91 -2 87 -2 73 74 75 76 -2  6 -2 -2 11 -2 17 -2  -2    -2  -1
 -1  -2  -2 -2   -2 -2 -2    -2 89 -2 87 86 -2 74 -2 -2 77 -2  5 -2 13 12 -2 16 -2   -2 -2    -1
 -1  -2 -2    -2   99 -2  -2 89 88 87 -2 85 -2 -2 -2 79 78 -2  4  3 -2 13 14 15 16 -2  -2   -2  -1
 -1    -2  -2   -2 98 -2  -2 90 -2 86 85 84 83 82 81 80 -2 84 -2  2  1 -2 15 -2 17 -2  -2 -2   -2 -1
 -1  -2  -2  -2  -2 -2 97 96 -2 92 91 92 -2 -2 -2 -2 83 -2 81 82 83 84 -2  2 -2 -2  -2 -2    -2   -1
 -1  -2  -2 -2 -2    -2 95 94 93 -2 93 -2 97 98 -2 -2 -2 82 -2 -2 85 86 -2      -2 -2   -2  -1
 -1  -2     -2  -2  -2 -2 94 -2 94 95 96 -2  0  0  0 -2 88 87 86 -2   -2  -2    -2   -2 -1
 -1  -2 -2 -2 -2      -2  -2  0 -2 -2 -2  0  0 -2  0  0 -2 -2 -2  0  0 -2  -2  -2 -2  -2 -2   -1
 -1   -2  0  0 -2  -2 -2    -2  0  0  0  0  0 -2 -2 -2  0  0  0  0  0 -2           -2 -1
 -1 -1 -1 -1 -1 -1 -1 -1 -1 -1 -1 -1 -1 -1 -1 -1 -1 -1 -1 -1 -1 -1 -1 -1 -1 -1 -1 -1 -1 -1 -1 -1 -1 -1 -1 -1 -1 -1 -1 -1
